2025-07-03T16:17:28.327Z [INFO]: POST /auth/login 200 - 98ms {"requestId":"6582df1d-5f05-44c7-b20d-14d29f449cc0","method":"POST","url":"/auth/login","statusCode":200,"duration":98,"ip":"::1","userAgent":"PostmanRuntime/7.44.1"}
2025-07-03T16:18:48.744Z [INFO]: POST /auth/login 200 - 106ms {"requestId":"214e7bfa-b22e-4079-8273-a30df9d10ba3","method":"POST","url":"/auth/login","statusCode":200,"duration":106,"ip":"::1","userAgent":"PostmanRuntime/7.44.1"}
2025-07-03T16:29:43.449Z [INFO]: POST /auth/login 200 - 111ms {"requestId":"0dd84971-6cb8-461d-9e9b-787a808f849b","method":"POST","url":"/auth/login","statusCode":200,"duration":111,"ip":"::1","userAgent":"PostmanRuntime/7.44.1"}
2025-07-03T16:30:33.815Z [INFO]: POST /auth/login 200 - 123ms {"requestId":"c854f01e-79ec-4c42-92ef-ed154af5509c","method":"POST","url":"/auth/login","statusCode":200,"duration":123,"ip":"::1","userAgent":"PostmanRuntime/7.44.1"}
2025-07-03T16:45:06.864Z [INFO]: POST /auth/login 200 - 114ms {"requestId":"5a1ebcaf-bc7e-4ef8-8f92-5bbb4c4546fc","method":"POST","url":"/auth/login","statusCode":200,"duration":114,"ip":"::1","userAgent":"PostmanRuntime/7.44.1"}
2025-07-03T16:45:08.618Z [INFO]: POST /auth/login 200 - 64ms {"requestId":"176b6a16-da30-4479-a93d-17fbc5965d70","method":"POST","url":"/auth/login","statusCode":200,"duration":64,"ip":"::1","userAgent":"PostmanRuntime/7.44.1"}
2025-07-03T16:45:45.534Z [INFO]: POST /auth/login?a=b 200 - 113ms {"requestId":"53338938-e9a6-4678-96f7-87c69eb512c6","method":"POST","url":"/auth/login?a=b","statusCode":200,"duration":113,"ip":"::1","userAgent":"PostmanRuntime/7.44.1"}
2025-07-03T16:45:50.078Z [INFO]: POST /auth/login 200 - 65ms {"requestId":"c656b8a0-a0eb-4bae-aa30-65a791c189ff","method":"POST","url":"/auth/login","statusCode":200,"duration":65,"ip":"::1","userAgent":"PostmanRuntime/7.44.1"}
2025-07-03T16:45:52.291Z [INFO]: POST /auth/login? 200 - 54ms {"requestId":"069f7e3a-76a0-4468-82d4-a83919e126d1","method":"POST","url":"/auth/login?","statusCode":200,"duration":54,"ip":"::1","userAgent":"PostmanRuntime/7.44.1"}
2025-07-03T16:45:53.887Z [INFO]: POST /auth/login 200 - 80ms {"requestId":"c52c38b6-ab5d-44b2-b267-496636260ae8","method":"POST","url":"/auth/login","statusCode":200,"duration":80,"ip":"::1","userAgent":"PostmanRuntime/7.44.1"}
2025-07-03T16:54:26.449Z [INFO]: POST /auth/login 200 - 108ms {"requestId":"c2713ec2-fc78-483d-8188-8253c79115f1","method":"POST","url":"/auth/login","statusCode":200,"duration":108,"ip":"::1","userAgent":"PostmanRuntime/7.44.1"}
2025-07-03T16:54:27.154Z [INFO]: POST /auth/login 200 - 69ms {"requestId":"650c120d-f736-4360-b66f-1f904ef6335e","method":"POST","url":"/auth/login","statusCode":200,"duration":69,"ip":"::1","userAgent":"PostmanRuntime/7.44.1"}
2025-07-03T16:54:27.902Z [INFO]: POST /auth/login 200 - 68ms {"requestId":"dfd7d3e3-2078-4cd5-9ad6-3d9ce1b6fb1c","method":"POST","url":"/auth/login","statusCode":200,"duration":68,"ip":"::1","userAgent":"PostmanRuntime/7.44.1"}
2025-07-03T16:54:28.768Z [INFO]: POST /auth/login 200 - 69ms {"requestId":"31420496-4777-4b51-a280-a441f66a1998","method":"POST","url":"/auth/login","statusCode":200,"duration":69,"ip":"::1","userAgent":"PostmanRuntime/7.44.1"}
2025-07-03T16:54:29.508Z [INFO]: POST /auth/login 200 - 142ms {"requestId":"ea6edbe6-20b5-4333-9cb9-0d09c0914f1a","method":"POST","url":"/auth/login","statusCode":200,"duration":142,"ip":"::1","userAgent":"PostmanRuntime/7.44.1"}
2025-07-03T16:54:30.171Z [INFO]: POST /auth/login 429 - 1ms {"requestId":"e141707a-de93-41f4-addf-02c5dd85cad7","method":"POST","url":"/auth/login","statusCode":429,"duration":1,"ip":"::1","userAgent":"PostmanRuntime/7.44.1"}
2025-07-03T16:54:30.822Z [INFO]: POST /auth/login 429 - 0ms {"requestId":"56fd7ed7-44d8-464c-859e-b88a54ae90c1","method":"POST","url":"/auth/login","statusCode":429,"duration":0,"ip":"::1","userAgent":"PostmanRuntime/7.44.1"}
2025-07-03T16:55:06.850Z [INFO]: POST /auth/login 429 - 0ms {"requestId":"c95f7f2e-3888-497c-b0af-2aec1c9803d8","method":"POST","url":"/auth/login","statusCode":429,"duration":0,"ip":"::1","userAgent":"PostmanRuntime/7.44.1"}
2025-07-03T16:55:11.027Z [INFO]: POST /auth/login 429 - 0ms {"requestId":"f194c96f-616f-4d9a-8cc3-6b0cd97284e6","method":"POST","url":"/auth/login","statusCode":429,"duration":0,"ip":"::1","userAgent":"PostmanRuntime/7.44.1"}
2025-07-03T17:03:47.297Z [INFO]: POST /auth/login 200 - 214ms {"requestId":"1ba32175-cfbf-4408-9fab-9c678b31a78f","method":"POST","url":"/auth/login","statusCode":200,"duration":214,"ip":"::1","userAgent":"PostmanRuntime/7.44.1"}
2025-07-03T17:03:48.170Z [INFO]: POST /auth/login 200 - 64ms {"requestId":"e2e07100-86d9-4f31-81a4-48deffc72d3d","method":"POST","url":"/auth/login","statusCode":200,"duration":64,"ip":"::1","userAgent":"PostmanRuntime/7.44.1"}
2025-07-03T17:03:48.889Z [INFO]: POST /auth/login 200 - 65ms {"requestId":"b33bcfb2-f32a-4b0a-9bbe-593b9430ce67","method":"POST","url":"/auth/login","statusCode":200,"duration":65,"ip":"::1","userAgent":"PostmanRuntime/7.44.1"}
2025-07-03T17:03:49.582Z [INFO]: POST /auth/login 200 - 58ms {"requestId":"c00cd19a-4fe2-42fe-b285-b560f1154a8c","method":"POST","url":"/auth/login","statusCode":200,"duration":58,"ip":"::1","userAgent":"PostmanRuntime/7.44.1"}
2025-07-03T17:03:50.358Z [INFO]: POST /auth/login 200 - 100ms {"requestId":"bb85e7c8-284a-4efb-a596-095bc3b08b9c","method":"POST","url":"/auth/login","statusCode":200,"duration":100,"ip":"::1","userAgent":"PostmanRuntime/7.44.1"}
2025-07-03T17:03:51.119Z [INFO]: POST /auth/login 429 - 1ms {"requestId":"60fd3c11-9659-4738-af26-ba4b0d63c4dd","method":"POST","url":"/auth/login","statusCode":429,"duration":1,"ip":"::1","userAgent":"PostmanRuntime/7.44.1"}
2025-07-03T17:05:07.429Z [INFO]: POST /auth/login 200 - 168ms {"requestId":"e8936922-af2a-4bb2-8ccb-368cf39a5d83","method":"POST","url":"/auth/login","statusCode":200,"duration":168,"ip":"::1","userAgent":"PostmanRuntime/7.44.1"}
2025-07-03T17:05:09.210Z [INFO]: POST /auth/login 200 - 88ms {"requestId":"b9d51aa0-8196-448a-93d9-86c2c8acd8a7","method":"POST","url":"/auth/login","statusCode":200,"duration":88,"ip":"::1","userAgent":"PostmanRuntime/7.44.1"}
2025-07-03T17:05:09.999Z [INFO]: POST /auth/login 200 - 94ms {"requestId":"dca08d67-898c-47c6-a3e5-aad10b0ec9a9","method":"POST","url":"/auth/login","statusCode":200,"duration":94,"ip":"::1","userAgent":"PostmanRuntime/7.44.1"}
2025-07-03T17:05:10.930Z [INFO]: POST /auth/login 200 - 95ms {"requestId":"f9866991-0239-4b6f-85ee-aaf58474fea8","method":"POST","url":"/auth/login","statusCode":200,"duration":95,"ip":"::1","userAgent":"PostmanRuntime/7.44.1"}
2025-07-03T17:05:11.671Z [INFO]: POST /auth/login 200 - 71ms {"requestId":"422f656b-7c90-421f-817a-4de12769a8b0","method":"POST","url":"/auth/login","statusCode":200,"duration":71,"ip":"::1","userAgent":"PostmanRuntime/7.44.1"}
2025-07-03T17:05:12.311Z [INFO]: POST /auth/login 429 - 1ms {"requestId":"23d4a09f-0ee9-4ce0-896a-482c7dafa4aa","method":"POST","url":"/auth/login","statusCode":429,"duration":1,"ip":"::1","userAgent":"PostmanRuntime/7.44.1"}
2025-07-03T17:05:14.588Z [INFO]: POST /auth/login 429 - 1ms {"requestId":"4d4c1785-6537-4ea0-bdf5-ef424718a43d","method":"POST","url":"/auth/login","statusCode":429,"duration":1,"ip":"::1","userAgent":"PostmanRuntime/7.44.1"}
2025-07-03T17:05:15.521Z [INFO]: POST /auth/login 429 - 1ms {"requestId":"5933a2aa-f850-4a31-9b7b-6942aefe1892","method":"POST","url":"/auth/login","statusCode":429,"duration":1,"ip":"::1","userAgent":"PostmanRuntime/7.44.1"}
2025-07-03T17:05:17.734Z [INFO]: POST /auth/login 429 - 1ms {"requestId":"9115cbac-96b3-4a20-b97c-faa32b192ae0","method":"POST","url":"/auth/login","statusCode":429,"duration":1,"ip":"::1","userAgent":"PostmanRuntime/7.44.1"}
2025-07-03T17:05:38.843Z [INFO]: POST /auth/login 200 - 113ms {"requestId":"110910a7-8182-45f2-aced-0e9f9c482f41","method":"POST","url":"/auth/login","statusCode":200,"duration":113,"ip":"::1","userAgent":"PostmanRuntime/7.44.1"}
2025-07-03T17:05:39.773Z [INFO]: POST /auth/login 200 - 86ms {"requestId":"ae44a67b-29bb-41ec-8271-aecd0df1055f","method":"POST","url":"/auth/login","statusCode":200,"duration":86,"ip":"::1","userAgent":"PostmanRuntime/7.44.1"}
2025-07-03T17:05:40.580Z [INFO]: POST /auth/login 200 - 97ms {"requestId":"9e5093e0-255b-4651-bd59-fef52ed29b6a","method":"POST","url":"/auth/login","statusCode":200,"duration":97,"ip":"::1","userAgent":"PostmanRuntime/7.44.1"}
2025-07-03T17:05:41.317Z [INFO]: POST /auth/login 200 - 72ms {"requestId":"f71c131e-5ec4-4db1-b20c-65663c819f3a","method":"POST","url":"/auth/login","statusCode":200,"duration":72,"ip":"::1","userAgent":"PostmanRuntime/7.44.1"}
2025-07-03T17:05:42.024Z [INFO]: POST /auth/login 200 - 134ms {"requestId":"cadbc77c-9a7d-47dd-bdf3-c2dd1aafc9e3","method":"POST","url":"/auth/login","statusCode":200,"duration":134,"ip":"::1","userAgent":"PostmanRuntime/7.44.1"}
2025-07-03T17:05:42.625Z [INFO]: POST /auth/login 429 - 1ms {"requestId":"c851a0db-7973-4f4e-8017-5d5a0fdc123f","method":"POST","url":"/auth/login","statusCode":429,"duration":1,"ip":"::1","userAgent":"PostmanRuntime/7.44.1"}
2025-07-03T17:05:46.349Z [INFO]: POST /auth/login 429 - 1ms {"requestId":"034b4d9b-0277-422b-a669-feca32da1ba3","method":"POST","url":"/auth/login","statusCode":429,"duration":1,"ip":"::1","userAgent":"PostmanRuntime/7.44.1"}
2025-07-03T17:05:47.267Z [INFO]: POST /auth/login 429 - 1ms {"requestId":"a7b1a86f-998f-4133-b6f8-d0572b85164f","method":"POST","url":"/auth/login","statusCode":429,"duration":1,"ip":"::1","userAgent":"PostmanRuntime/7.44.1"}
2025-07-03T17:05:49.165Z [INFO]: POST /auth/login 429 - 1ms {"requestId":"f7b1e451-3647-4c65-a226-aad236d57e70","method":"POST","url":"/auth/login","statusCode":429,"duration":1,"ip":"::1","userAgent":"PostmanRuntime/7.44.1"}
2025-07-03T17:08:03.251Z [INFO]: POST /auth/login 200 - 114ms {"requestId":"c47d5b09-a837-46db-ae7f-c6dbe4af6675","method":"POST","url":"/auth/login","statusCode":200,"duration":114,"ip":"::1","userAgent":"PostmanRuntime/7.44.1"}
2025-07-03T17:08:04.722Z [INFO]: POST /auth/login 200 - 101ms {"requestId":"e45e9937-4d6c-4921-8d66-46f3623af5fc","method":"POST","url":"/auth/login","statusCode":200,"duration":101,"ip":"::1","userAgent":"PostmanRuntime/7.44.1"}
2025-07-03T17:08:05.270Z [INFO]: POST /auth/login 200 - 63ms {"requestId":"1a93ac01-bddc-4521-a848-f7bf26578321","method":"POST","url":"/auth/login","statusCode":200,"duration":63,"ip":"::1","userAgent":"PostmanRuntime/7.44.1"}
2025-07-03T17:08:06.103Z [INFO]: POST /auth/login 200 - 70ms {"requestId":"8d779499-af37-4b93-a4ef-585ac4fa27c9","method":"POST","url":"/auth/login","statusCode":200,"duration":70,"ip":"::1","userAgent":"PostmanRuntime/7.44.1"}
2025-07-03T17:08:06.511Z [INFO]: POST /auth/login 200 - 78ms {"requestId":"aa6878f3-9bae-4c21-a294-e9b8aed5d812","method":"POST","url":"/auth/login","statusCode":200,"duration":78,"ip":"::1","userAgent":"PostmanRuntime/7.44.1"}
2025-07-03T17:08:07.173Z [INFO]: POST /auth/login 429 - 2ms {"requestId":"6c418357-126c-4cea-adc0-ebfb9f7688e4","method":"POST","url":"/auth/login","statusCode":429,"duration":2,"ip":"::1","userAgent":"PostmanRuntime/7.44.1"}
2025-07-03T17:08:08.966Z [INFO]: POST /auth/login 429 - 1ms {"requestId":"7ec9eb6a-f35b-45bd-99e3-3b3b2166d690","method":"POST","url":"/auth/login","statusCode":429,"duration":1,"ip":"::1","userAgent":"PostmanRuntime/7.44.1"}
2025-07-03T17:08:38.457Z [INFO]: POST /auth/login 200 - 103ms {"requestId":"e7f1ec44-9aa5-425b-848a-95fd79902f25","method":"POST","url":"/auth/login","statusCode":200,"duration":103,"ip":"::1","userAgent":"PostmanRuntime/7.44.1"}
2025-07-03T17:08:39.057Z [INFO]: POST /auth/login 200 - 72ms {"requestId":"e585eab6-b86c-4aa8-9e36-7c7733d24c97","method":"POST","url":"/auth/login","statusCode":200,"duration":72,"ip":"::1","userAgent":"PostmanRuntime/7.44.1"}
2025-07-03T17:08:39.809Z [INFO]: POST /auth/login 200 - 121ms {"requestId":"7a340e25-8cd6-4a52-8008-0953f9fcd547","method":"POST","url":"/auth/login","statusCode":200,"duration":121,"ip":"::1","userAgent":"PostmanRuntime/7.44.1"}
2025-07-03T17:08:40.233Z [INFO]: POST /auth/login 200 - 54ms {"requestId":"7b4a7897-8a7a-4634-b8a7-85141453b93b","method":"POST","url":"/auth/login","statusCode":200,"duration":54,"ip":"::1","userAgent":"PostmanRuntime/7.44.1"}
2025-07-03T17:08:40.857Z [INFO]: POST /auth/login 200 - 79ms {"requestId":"7f5f303f-ec73-49bc-9c78-9e432d4b1b75","method":"POST","url":"/auth/login","statusCode":200,"duration":79,"ip":"::1","userAgent":"PostmanRuntime/7.44.1"}
2025-07-03T17:08:41.529Z [INFO]: POST /auth/login 429 - 1ms {"requestId":"efdcfa8a-9d93-4728-b238-d38285c80e57","method":"POST","url":"/auth/login","statusCode":429,"duration":1,"ip":"::1","userAgent":"PostmanRuntime/7.44.1"}
2025-07-03T17:08:44.313Z [INFO]: POST /auth/login 429 - 1ms {"requestId":"97a91893-f4a1-4957-a60f-b5ba67570f86","method":"POST","url":"/auth/login","statusCode":429,"duration":1,"ip":"::1","userAgent":"PostmanRuntime/7.44.1"}
2025-07-03T17:08:45.233Z [INFO]: POST /auth/login 429 - 1ms {"requestId":"c6afa97a-af60-4eae-8f68-73df01ff4b44","method":"POST","url":"/auth/login","statusCode":429,"duration":1,"ip":"::1","userAgent":"PostmanRuntime/7.44.1"}
2025-07-03T17:08:56.952Z [INFO]: POST /auth/login 429 - 0ms {"requestId":"c76b1350-aa5c-489c-9b11-75fbcfa2c44b","method":"POST","url":"/auth/login","statusCode":429,"duration":0,"ip":"::1","userAgent":"PostmanRuntime/7.44.1"}
2025-07-03T17:09:38.932Z [INFO]: POST /auth/login 200 - 121ms {"requestId":"c0fec644-365d-4a47-95ba-635689374baf","method":"POST","url":"/auth/login","statusCode":200,"duration":121,"ip":"::1","userAgent":"PostmanRuntime/7.44.1"}
2025-07-03T17:09:39.650Z [INFO]: POST /auth/login 200 - 119ms {"requestId":"6bfe264b-a73a-47db-a0b9-65e10586d72c","method":"POST","url":"/auth/login","statusCode":200,"duration":119,"ip":"::1","userAgent":"PostmanRuntime/7.44.1"}
2025-07-03T17:09:40.311Z [INFO]: POST /auth/login 200 - 156ms {"requestId":"f4392340-24d4-4003-b2ac-408de9e4ef1a","method":"POST","url":"/auth/login","statusCode":200,"duration":156,"ip":"::1","userAgent":"PostmanRuntime/7.44.1"}
2025-07-03T17:09:40.935Z [INFO]: POST /auth/login 200 - 75ms {"requestId":"6f658214-399f-48d2-bf8d-2c60d0136b13","method":"POST","url":"/auth/login","statusCode":200,"duration":75,"ip":"::1","userAgent":"PostmanRuntime/7.44.1"}
2025-07-03T17:09:41.518Z [INFO]: POST /auth/login 200 - 74ms {"requestId":"4ce04111-74a4-427d-a82b-a59c6c93cfdb","method":"POST","url":"/auth/login","statusCode":200,"duration":74,"ip":"::1","userAgent":"PostmanRuntime/7.44.1"}
2025-07-03T17:09:42.280Z [INFO]: POST /auth/login 429 - 2ms {"requestId":"d30c93b5-22d5-4699-ab18-c718f0a9c599","method":"POST","url":"/auth/login","statusCode":429,"duration":2,"ip":"::1","userAgent":"PostmanRuntime/7.44.1"}
2025-07-03T17:09:44.162Z [INFO]: POST /auth/login 429 - 1ms {"requestId":"9af7f244-eac0-4b2f-bfab-d2611661047f","method":"POST","url":"/auth/login","statusCode":429,"duration":1,"ip":"::1","userAgent":"PostmanRuntime/7.44.1"}
2025-07-03T17:09:45.343Z [INFO]: POST /auth/login 429 - 2ms {"requestId":"3ada06d9-25c1-4c3a-9024-e69b9a739ca8","method":"POST","url":"/auth/login","statusCode":429,"duration":2,"ip":"::1","userAgent":"PostmanRuntime/7.44.1"}
2025-07-03T17:10:17.470Z [INFO]: POST /auth/login 200 - 109ms {"requestId":"9850b825-12c7-46cf-987d-1fd65012819e","method":"POST","url":"/auth/login","statusCode":200,"duration":109,"ip":"::1","userAgent":"PostmanRuntime/7.44.1"}
2025-07-03T17:10:18.179Z [INFO]: POST /auth/login 200 - 65ms {"requestId":"b647c487-8eda-4941-93ff-08887d1cd678","method":"POST","url":"/auth/login","statusCode":200,"duration":65,"ip":"::1","userAgent":"PostmanRuntime/7.44.1"}
2025-07-03T17:10:18.780Z [INFO]: POST /auth/login 200 - 57ms {"requestId":"bbc745d2-4ba1-49c6-b2b8-4e379590c13c","method":"POST","url":"/auth/login","statusCode":200,"duration":57,"ip":"::1","userAgent":"PostmanRuntime/7.44.1"}
2025-07-03T17:10:19.386Z [INFO]: POST /auth/login 200 - 77ms {"requestId":"184636ac-f388-46ff-b7fb-ccb6901506a8","method":"POST","url":"/auth/login","statusCode":200,"duration":77,"ip":"::1","userAgent":"PostmanRuntime/7.44.1"}
2025-07-03T17:10:20.003Z [INFO]: POST /auth/login 200 - 69ms {"requestId":"6b455ea3-9bde-4912-b2eb-af5e51ce0b22","method":"POST","url":"/auth/login","statusCode":200,"duration":69,"ip":"::1","userAgent":"PostmanRuntime/7.44.1"}
2025-07-03T17:10:20.589Z [INFO]: POST /auth/login 429 - 1ms {"requestId":"57c3a7ec-8e88-4c28-91d8-47e457fec169","method":"POST","url":"/auth/login","statusCode":429,"duration":1,"ip":"::1","userAgent":"PostmanRuntime/7.44.1"}
2025-07-03T17:10:21.260Z [INFO]: POST /auth/login 429 - 1ms {"requestId":"ad4541ef-9f94-4812-8454-f8d584bb5512","method":"POST","url":"/auth/login","statusCode":429,"duration":1,"ip":"::1","userAgent":"PostmanRuntime/7.44.1"}
2025-07-03T17:10:22.156Z [INFO]: POST /auth/login 429 - 1ms {"requestId":"ae29247c-c82b-41d9-bbd4-d4a57de1fcc4","method":"POST","url":"/auth/login","statusCode":429,"duration":1,"ip":"::1","userAgent":"PostmanRuntime/7.44.1"}
2025-07-03T17:10:23.034Z [INFO]: POST /auth/login 429 - 1ms {"requestId":"f103f288-f421-4abf-a51f-a990ce527db6","method":"POST","url":"/auth/login","statusCode":429,"duration":1,"ip":"::1","userAgent":"PostmanRuntime/7.44.1"}
2025-07-03T17:10:23.995Z [INFO]: POST /auth/login 429 - 1ms {"requestId":"59fd9704-a628-4d71-ac6c-bc5d6fd871d2","method":"POST","url":"/auth/login","statusCode":429,"duration":1,"ip":"::1","userAgent":"PostmanRuntime/7.44.1"}
2025-07-03T17:10:25.810Z [INFO]: POST /auth/login 429 - 0ms {"requestId":"9643a194-13e2-471d-bf37-cf315d7b4c02","method":"POST","url":"/auth/login","statusCode":429,"duration":0,"ip":"::1","userAgent":"PostmanRuntime/7.44.1"}
2025-07-03T17:10:38.355Z [INFO]: POST /auth/login 200 - 119ms {"requestId":"b15fda21-18c5-4be2-8ac5-f20d249825f7","method":"POST","url":"/auth/login","statusCode":200,"duration":119,"ip":"::1","userAgent":"PostmanRuntime/7.44.1"}
2025-07-03T17:10:39.595Z [INFO]: POST /auth/login 200 - 57ms {"requestId":"632f5426-54af-4f13-babd-29adb967f963","method":"POST","url":"/auth/login","statusCode":200,"duration":57,"ip":"::1","userAgent":"PostmanRuntime/7.44.1"}
2025-07-03T17:10:40.213Z [INFO]: POST /auth/login 200 - 115ms {"requestId":"3ed0633f-37d4-42ca-928b-13742f451998","method":"POST","url":"/auth/login","statusCode":200,"duration":115,"ip":"::1","userAgent":"PostmanRuntime/7.44.1"}
2025-07-03T17:10:40.708Z [INFO]: POST /auth/login 200 - 88ms {"requestId":"e426825c-7be6-4d64-9cb7-cbc7d2ec6d68","method":"POST","url":"/auth/login","statusCode":200,"duration":88,"ip":"::1","userAgent":"PostmanRuntime/7.44.1"}
2025-07-03T17:10:41.249Z [INFO]: POST /auth/login 200 - 70ms {"requestId":"1c46d3fb-7ded-4a5b-8ce1-9a50d95c7049","method":"POST","url":"/auth/login","statusCode":200,"duration":70,"ip":"::1","userAgent":"PostmanRuntime/7.44.1"}
2025-07-03T17:10:41.911Z [INFO]: POST /auth/login 429 - 1ms {"requestId":"c23204fe-ba02-4b0f-a71b-71543ab0fc06","method":"POST","url":"/auth/login","statusCode":429,"duration":1,"ip":"::1","userAgent":"PostmanRuntime/7.44.1"}
2025-07-03T17:10:42.799Z [INFO]: POST /auth/login 429 - 0ms {"requestId":"3a576c6f-8a31-4b9c-a0ac-e5854bb0804e","method":"POST","url":"/auth/login","statusCode":429,"duration":0,"ip":"::1","userAgent":"PostmanRuntime/7.44.1"}
2025-07-03T17:10:43.505Z [INFO]: POST /auth/login 429 - 1ms {"requestId":"e42be686-6322-40a8-95db-d8835634202d","method":"POST","url":"/auth/login","statusCode":429,"duration":1,"ip":"::1","userAgent":"PostmanRuntime/7.44.1"}
2025-07-03T17:10:44.052Z [INFO]: POST /auth/login 429 - 0ms {"requestId":"f1119a68-147f-4c3e-85e1-33a76a66f56c","method":"POST","url":"/auth/login","statusCode":429,"duration":0,"ip":"::1","userAgent":"PostmanRuntime/7.44.1"}
2025-07-03T17:10:44.659Z [INFO]: POST /auth/login 429 - 0ms {"requestId":"15ccf819-1a28-4dbd-a693-bedc3c8f47cc","method":"POST","url":"/auth/login","statusCode":429,"duration":0,"ip":"::1","userAgent":"PostmanRuntime/7.44.1"}
2025-07-03T17:10:45.391Z [INFO]: POST /auth/login 429 - 0ms {"requestId":"7ae09fde-f07f-4d76-93f0-5555e7c0d0d5","method":"POST","url":"/auth/login","statusCode":429,"duration":0,"ip":"::1","userAgent":"PostmanRuntime/7.44.1"}
2025-07-03T17:10:46.023Z [INFO]: POST /auth/login 429 - 1ms {"requestId":"996fa504-2a2d-466b-b501-7642c3f777ee","method":"POST","url":"/auth/login","statusCode":429,"duration":1,"ip":"::1","userAgent":"PostmanRuntime/7.44.1"}
2025-07-03T17:10:51.226Z [INFO]: POST /auth/login 429 - 1ms {"requestId":"c50ccb72-db9b-44e2-8651-f15ef1f43159","method":"POST","url":"/auth/login","statusCode":429,"duration":1,"ip":"::1","userAgent":"PostmanRuntime/7.44.1"}
2025-07-03T17:10:56.632Z [INFO]: POST /auth/login 429 - 1ms {"requestId":"5a7fd17e-cfbb-437d-8479-d7c3fdb011a5","method":"POST","url":"/auth/login","statusCode":429,"duration":1,"ip":"::1","userAgent":"PostmanRuntime/7.44.1"}
2025-07-03T17:11:01.913Z [INFO]: POST /auth/login 200 - 133ms {"requestId":"1679a63f-677a-4a00-96f2-1ff8b67522b8","method":"POST","url":"/auth/login","statusCode":200,"duration":133,"ip":"::1","userAgent":"PostmanRuntime/7.44.1"}
2025-07-03T17:11:03.048Z [INFO]: POST /auth/login 200 - 56ms {"requestId":"089b928c-2976-44fb-9cae-8e8edf32d8cf","method":"POST","url":"/auth/login","statusCode":200,"duration":56,"ip":"::1","userAgent":"PostmanRuntime/7.44.1"}
2025-07-03T17:11:03.870Z [INFO]: POST /auth/login 200 - 139ms {"requestId":"7e3650e6-1eaf-4455-8280-e039c7a1e088","method":"POST","url":"/auth/login","statusCode":200,"duration":139,"ip":"::1","userAgent":"PostmanRuntime/7.44.1"}
2025-07-03T17:11:04.436Z [INFO]: POST /auth/login 200 - 69ms {"requestId":"f917fac6-ea06-453d-8e25-9d9db1610d55","method":"POST","url":"/auth/login","statusCode":200,"duration":69,"ip":"::1","userAgent":"PostmanRuntime/7.44.1"}
2025-07-03T17:11:05.001Z [INFO]: POST /auth/login 200 - 74ms {"requestId":"3a45db9a-e199-4d0e-8544-ecb77462f998","method":"POST","url":"/auth/login","statusCode":200,"duration":74,"ip":"::1","userAgent":"PostmanRuntime/7.44.1"}
2025-07-03T17:11:05.534Z [INFO]: POST /auth/login 429 - 1ms {"requestId":"31b5d561-6924-4b7d-968e-d096b5e27ad8","method":"POST","url":"/auth/login","statusCode":429,"duration":1,"ip":"::1","userAgent":"PostmanRuntime/7.44.1"}
2025-07-03T17:11:06.278Z [INFO]: POST /auth/login 429 - 1ms {"requestId":"50dc76dc-7fcd-4691-b692-c19ede2af903","method":"POST","url":"/auth/login","statusCode":429,"duration":1,"ip":"::1","userAgent":"PostmanRuntime/7.44.1"}
2025-07-03T17:11:07.285Z [INFO]: POST /auth/login 429 - 1ms {"requestId":"c511c92c-f07b-460e-818a-95aaa61e9368","method":"POST","url":"/auth/login","statusCode":429,"duration":1,"ip":"::1","userAgent":"PostmanRuntime/7.44.1"}
2025-07-03T17:12:35.012Z [INFO]: POST /auth/login 429 - 1ms {"requestId":"6c88e260-07ef-44ea-b02c-95a76c2df08d","method":"POST","url":"/auth/login","statusCode":429,"duration":1,"ip":"::1","userAgent":"PostmanRuntime/7.44.1"}
2025-07-03T17:12:36.637Z [INFO]: POST /auth/login 429 - 1ms {"requestId":"02961d71-ac58-4565-a51c-dff641faa6cc","method":"POST","url":"/auth/login","statusCode":429,"duration":1,"ip":"::1","userAgent":"PostmanRuntime/7.44.1"}
2025-07-03T17:13:50.955Z [INFO]: POST /auth/login 200 - 112ms {"requestId":"b963341a-134b-415b-97eb-949bf6ca7efc","method":"POST","url":"/auth/login","statusCode":200,"duration":112,"ip":"::1","userAgent":"PostmanRuntime/7.44.1"}
2025-07-03T17:13:51.919Z [INFO]: POST /auth/login 200 - 89ms {"requestId":"f1159f5e-5662-4940-a07e-0adce8c0f21e","method":"POST","url":"/auth/login","statusCode":200,"duration":89,"ip":"::1","userAgent":"PostmanRuntime/7.44.1"}
2025-07-03T17:13:52.510Z [INFO]: POST /auth/login 200 - 90ms {"requestId":"d3f6dc4b-1636-484a-a7c9-983c388eb134","method":"POST","url":"/auth/login","statusCode":200,"duration":90,"ip":"::1","userAgent":"PostmanRuntime/7.44.1"}
2025-07-03T17:13:53.123Z [INFO]: POST /auth/login 200 - 70ms {"requestId":"15da06bc-adb4-42a6-b669-b27daf5c34ff","method":"POST","url":"/auth/login","statusCode":200,"duration":70,"ip":"::1","userAgent":"PostmanRuntime/7.44.1"}
2025-07-03T17:13:53.715Z [INFO]: POST /auth/login 200 - 88ms {"requestId":"9d6d7433-2ea4-45a6-a6b4-e651369be967","method":"POST","url":"/auth/login","statusCode":200,"duration":88,"ip":"::1","userAgent":"PostmanRuntime/7.44.1"}
2025-07-03T17:13:54.092Z [INFO]: POST /auth/login 429 - 1ms {"requestId":"8a4b8529-c3ef-48f2-957c-8a1c1257c1ca","method":"POST","url":"/auth/login","statusCode":429,"duration":1,"ip":"::1","userAgent":"PostmanRuntime/7.44.1"}
2025-07-03T17:14:28.188Z [INFO]: POST /auth/login 429 - 1ms {"requestId":"06580491-7497-4283-8fcf-19f7e03949e2","method":"POST","url":"/auth/login","statusCode":429,"duration":1,"ip":"::1","userAgent":"PostmanRuntime/7.44.1"}
2025-07-03T17:14:30.484Z [INFO]: POST /auth/login 429 - 0ms {"requestId":"6738f415-038e-41cc-91ad-b209e33cb2a3","method":"POST","url":"/auth/login","statusCode":429,"duration":0,"ip":"::1","userAgent":"PostmanRuntime/7.44.1"}
2025-07-03T17:14:31.429Z [INFO]: POST /auth/login 429 - 1ms {"requestId":"b6b61c1d-2a51-45d2-b6d2-19e2f773035f","method":"POST","url":"/auth/login","statusCode":429,"duration":1,"ip":"::1","userAgent":"PostmanRuntime/7.44.1"}
2025-07-04T12:19:17.849Z [INFO]: POST /auth/login 200 - 105ms {"requestId":"9471cbb6-f2a5-481c-a97d-08a85e1c578e","method":"POST","url":"/auth/login","statusCode":200,"duration":105,"ip":"::1","userAgent":"PostmanRuntime/7.44.1"}
2025-07-04T12:19:54.505Z [INFO]: POST /auth/login 200 - 2674ms {"requestId":"8ea66438-308d-4eb3-9af7-b756975f59a5","method":"POST","url":"/auth/login","statusCode":200,"duration":2674,"ip":"::1","userAgent":"PostmanRuntime/7.44.1"}
2025-07-04T12:21:52.939Z [INFO]: POST /auth/login?a=b&a=c 400 - 15ms {"method":"POST","url":"/auth/login?a=b&a=c","statusCode":400,"duration":15,"ip":"::1","userAgent":"PostmanRuntime/7.44.1"}
2025-07-04T12:22:31.271Z [INFO]: POST /auth/login?a=b&a=c 400 - 0ms {"method":"POST","url":"/auth/login?a=b&a=c","statusCode":400,"duration":0,"ip":"::1","userAgent":"PostmanRuntime/7.44.1"}
2025-07-04T12:22:32.047Z [INFO]: POST /auth/login?a=b&a=c 400 - 1ms {"method":"POST","url":"/auth/login?a=b&a=c","statusCode":400,"duration":1,"ip":"::1","userAgent":"PostmanRuntime/7.44.1"}
2025-07-04T12:22:32.647Z [INFO]: POST /auth/login?a=b&a=c 400 - 1ms {"method":"POST","url":"/auth/login?a=b&a=c","statusCode":400,"duration":1,"ip":"::1","userAgent":"PostmanRuntime/7.44.1"}
2025-07-04T12:22:33.309Z [INFO]: POST /auth/login?a=b&a=c 400 - 1ms {"method":"POST","url":"/auth/login?a=b&a=c","statusCode":400,"duration":1,"ip":"::1","userAgent":"PostmanRuntime/7.44.1"}
2025-07-04T12:22:33.922Z [INFO]: POST /auth/login?a=b&a=c 400 - 1ms {"method":"POST","url":"/auth/login?a=b&a=c","statusCode":400,"duration":1,"ip":"::1","userAgent":"PostmanRuntime/7.44.1"}
2025-07-04T12:22:34.583Z [INFO]: POST /auth/login?a=b&a=c 400 - 1ms {"method":"POST","url":"/auth/login?a=b&a=c","statusCode":400,"duration":1,"ip":"::1","userAgent":"PostmanRuntime/7.44.1"}
2025-07-04T12:22:35.684Z [INFO]: POST /auth/login?a=b&a=c 400 - 1ms {"method":"POST","url":"/auth/login?a=b&a=c","statusCode":400,"duration":1,"ip":"::1","userAgent":"PostmanRuntime/7.44.1"}
2025-07-05T03:11:15.018Z [INFO]: POST /auth/login 200 - 209ms {"requestId":"0f40619f-1a45-48b9-b058-7f6e81e20073","method":"POST","url":"/auth/login","statusCode":200,"duration":209,"ip":"::1","userAgent":"PostmanRuntime/7.44.1"}
2025-07-05T03:13:29.894Z [INFO]: POST /auth/refresh-token 404 - 41ms {"requestId":"a7b95cbf-2652-4189-9bc8-32e3b0feec99","method":"POST","url":"/auth/refresh-token","statusCode":404,"duration":41,"ip":"::1","userAgent":"PostmanRuntime/7.44.1"}
2025-07-05T03:14:14.934Z [INFO]: POST /auth/refresh-token 404 - 3ms {"requestId":"385b5c4c-68b0-49d6-a53a-cc43231474e6","method":"POST","url":"/auth/refresh-token","statusCode":404,"duration":3,"ip":"::1","userAgent":"PostmanRuntime/7.44.1"}
2025-07-05T03:46:23.346Z [INFO]: POST /auth/refresh-token 200 - 86ms {"requestId":"5f6004e2-9e27-474e-bf02-b1826153c3d4","method":"POST","url":"/auth/refresh-token","statusCode":200,"duration":86,"ip":"::1","userAgent":"PostmanRuntime/7.44.1"}
2025-07-05T03:46:29.991Z [INFO]: POST /auth/refresh-token 401 - 12ms {"requestId":"bb7b0946-5c32-4067-81c6-f9209e07e425","method":"POST","url":"/auth/refresh-token","statusCode":401,"duration":12,"ip":"::1","userAgent":"PostmanRuntime/7.44.1"}
2025-07-05T03:47:02.555Z [INFO]: POST /auth/refresh-token 401 - 87ms {"requestId":"509c668c-a3bb-4c4b-8cfc-eff53fadb57b","method":"POST","url":"/auth/refresh-token","statusCode":401,"duration":87,"ip":"::1","userAgent":"PostmanRuntime/7.44.1"}
2025-07-05T03:47:58.713Z [INFO]: POST /auth/refresh-token 401 - 96ms {"requestId":"d6450304-f980-494b-84bf-02c4c9fa8554","method":"POST","url":"/auth/refresh-token","statusCode":401,"duration":96,"ip":"::1","userAgent":"PostmanRuntime/7.44.1"}
2025-07-05T03:48:01.363Z [INFO]: POST /auth/refresh-token 401 - 8ms {"requestId":"b447f66e-53db-4a7f-87b2-2069d03d1ac4","method":"POST","url":"/auth/refresh-token","statusCode":401,"duration":8,"ip":"::1","userAgent":"PostmanRuntime/7.44.1"}
2025-07-05T03:48:28.030Z [INFO]: POST /auth/refresh-token 429 - 5ms {"requestId":"582566eb-f15e-4bdf-8e87-de8ad52b3208","method":"POST","url":"/auth/refresh-token","statusCode":429,"duration":5,"ip":"::1","userAgent":"PostmanRuntime/7.44.1"}
2025-07-05T03:48:45.274Z [INFO]: POST /auth/refresh-token 429 - 1ms {"requestId":"6559459e-c161-46e2-8d44-e02d062e500e","method":"POST","url":"/auth/refresh-token","statusCode":429,"duration":1,"ip":"::1","userAgent":"PostmanRuntime/7.44.1"}
2025-07-05T03:48:47.736Z [INFO]: POST /auth/refresh-token 429 - 2ms {"requestId":"4b242354-9a36-434a-b311-cdb14b62c10b","method":"POST","url":"/auth/refresh-token","statusCode":429,"duration":2,"ip":"::1","userAgent":"PostmanRuntime/7.44.1"}
2025-07-05T03:49:05.832Z [INFO]: POST /auth/refresh-token 200 - 104ms {"requestId":"0c336daf-5910-4397-8845-b75665e813f0","method":"POST","url":"/auth/refresh-token","statusCode":200,"duration":104,"ip":"::1","userAgent":"PostmanRuntime/7.44.1"}
2025-07-05T05:30:38.590Z [INFO]: GET /api/notes/all 400 - 11ms {"requestId":"98cbac99-bc54-4134-9764-c99470b10e53","method":"GET","url":"/api/notes/all","statusCode":400,"duration":11,"ip":"::1","userAgent":"PostmanRuntime/7.44.1"}
2025-07-05T05:31:29.274Z [INFO]: GET /api/notes/all 200 - 19ms {"requestId":"78304acf-31a5-404a-919e-d88d9cfd48aa","method":"GET","url":"/api/notes/all","statusCode":200,"duration":19,"ip":"::1","userAgent":"PostmanRuntime/7.44.1"}
2025-07-05T05:31:49.646Z [INFO]: GET /api/notes/all 404 - 4ms {"requestId":"b80e2bac-c538-4797-812b-0bb65e8549f3","method":"GET","url":"/api/notes/all","statusCode":404,"duration":4,"ip":"::1","userAgent":"PostmanRuntime/7.44.1"}
2025-07-05T05:31:52.390Z [INFO]: GET /api/notes 200 - 8ms {"requestId":"520e94ed-9e7b-46ae-aa7a-415c4f2fc8a0","method":"GET","url":"/api/notes","statusCode":200,"duration":8,"ip":"::1","userAgent":"PostmanRuntime/7.44.1"}
2025-07-05T05:32:40.478Z [INFO]: GET /api/notes?page=0&limit=2 200 - 33ms {"requestId":"916a207a-63d1-4331-a99a-9362fce43392","method":"GET","url":"/api/notes?page=0&limit=2","statusCode":200,"duration":33,"ip":"::1","userAgent":"PostmanRuntime/7.44.1"}
2025-07-05T05:44:11.452Z [INFO]: GET /api/notes?page=1&limit=2 200 - 10ms {"requestId":"4fbe328e-f445-4c34-aa26-e0413d36dabd","method":"GET","url":"/api/notes?page=1&limit=2","statusCode":200,"duration":10,"ip":"::1","userAgent":"PostmanRuntime/7.44.1"}
2025-07-05T05:45:15.514Z [INFO]: GET /api/notes?page=1&limit=2&sortBy=title 200 - 31ms {"requestId":"cfc1ba45-c9c1-492e-adc8-6e780a373721","method":"GET","url":"/api/notes?page=1&limit=2&sortBy=title","statusCode":200,"duration":31,"ip":"::1","userAgent":"PostmanRuntime/7.44.1"}
2025-07-05T05:46:44.041Z [INFO]: GET /api/notes?page=0&limit=2&sortBy=title 200 - 35ms {"requestId":"0bf04de4-956c-42c0-a476-c4d5c5347e6b","method":"GET","url":"/api/notes?page=0&limit=2&sortBy=title","statusCode":200,"duration":35,"ip":"::1","userAgent":"PostmanRuntime/7.44.1"}
2025-07-05T05:46:46.060Z [INFO]: GET /api/notes?page=0&limit=2&sortBy=title 200 - 2ms {"requestId":"313a3467-acb6-4bac-9205-110fb1f42a98","method":"GET","url":"/api/notes?page=0&limit=2&sortBy=title","statusCode":200,"duration":2,"ip":"::1","userAgent":"PostmanRuntime/7.44.1"}
2025-07-05T05:46:59.097Z [INFO]: GET /api/notes?page=1&limit=2&sortBy=title 200 - 34ms {"requestId":"0ba1b84f-6738-4209-a1b8-cb3b1ec56fb9","method":"GET","url":"/api/notes?page=1&limit=2&sortBy=title","statusCode":200,"duration":34,"ip":"::1","userAgent":"PostmanRuntime/7.44.1"}
2025-07-05T05:47:00.578Z [INFO]: GET /api/notes?page=2&limit=2&sortBy=title 200 - 4ms {"requestId":"1c8bcd32-2d9e-4fd5-b296-a697d8d7425f","method":"GET","url":"/api/notes?page=2&limit=2&sortBy=title","statusCode":200,"duration":4,"ip":"::1","userAgent":"PostmanRuntime/7.44.1"}
2025-07-05T05:47:07.421Z [INFO]: GET /api/notes?page=1&limit=2&sortBy=title 200 - 8ms {"requestId":"137fb09a-4037-4321-bade-b4ff3a90bafb","method":"GET","url":"/api/notes?page=1&limit=2&sortBy=title","statusCode":200,"duration":8,"ip":"::1","userAgent":"PostmanRuntime/7.44.1"}
2025-07-05T05:47:12.321Z [INFO]: GET /api/notes?page=1&limit=2&sortBy=titlea 500 - 35ms {"requestId":"6ac0c044-334f-4054-a6e8-42ae4410d271","method":"GET","url":"/api/notes?page=1&limit=2&sortBy=titlea","statusCode":500,"duration":35,"ip":"::1","userAgent":"PostmanRuntime/7.44.1"}
2025-07-05T05:50:18.090Z [INFO]: GET /api/notes?page=1&limit=2&sortBy=title 200 - 42ms {"requestId":"ed833f37-f234-4a22-a3d0-828d7bab22ca","method":"GET","url":"/api/notes?page=1&limit=2&sortBy=title","statusCode":200,"duration":42,"ip":"::1","userAgent":"PostmanRuntime/7.44.1"}
2025-07-05T05:52:56.450Z [INFO]: GET /api/notes?page=1&limit=2&sortBy=title&sortOrder=desc 200 - 35ms {"requestId":"932f45ab-ae5b-4ccb-a53b-08e178e3e74b","method":"GET","url":"/api/notes?page=1&limit=2&sortBy=title&sortOrder=desc","statusCode":200,"duration":35,"ip":"::1","userAgent":"PostmanRuntime/7.44.1"}
2025-07-05T05:52:57.693Z [INFO]: GET /api/notes?page=1&limit=2&sortBy=title&sortOrder=desc 200 - 3ms {"requestId":"77a03536-61f2-4f61-847f-649bd97f94fd","method":"GET","url":"/api/notes?page=1&limit=2&sortBy=title&sortOrder=desc","statusCode":200,"duration":3,"ip":"::1","userAgent":"PostmanRuntime/7.44.1"}
2025-07-05T05:53:26.650Z [INFO]: GET /api/notes?page=1&limit=2&sortBy=title&sortOrder=descsc 500 - 123ms {"requestId":"75d0d4a7-9159-4af8-b37f-d207b9eeb5a3","method":"GET","url":"/api/notes?page=1&limit=2&sortBy=title&sortOrder=descsc","statusCode":500,"duration":123,"ip":"::1","userAgent":"PostmanRuntime/7.44.1"}
2025-07-05T05:53:29.913Z [INFO]: GET /api/notes?page=1&limit=2&sortBy=title&sortOrder=asc 200 - 4ms {"requestId":"a5993363-ab2c-4a10-ac9f-867bfad956ac","method":"GET","url":"/api/notes?page=1&limit=2&sortBy=title&sortOrder=asc","statusCode":200,"duration":4,"ip":"::1","userAgent":"PostmanRuntime/7.44.1"}
2025-07-05T05:55:50.382Z [INFO]: GET /api/notes?page=1&limit=2&sortBy=title&sortOrder=asc 404 - 10ms {"requestId":"fedba0e8-b937-463e-a7c3-ee79b45aca43","method":"GET","url":"/api/notes?page=1&limit=2&sortBy=title&sortOrder=asc","statusCode":404,"duration":10,"ip":"::1","userAgent":"PostmanRuntime/7.44.1"}
2025-07-05T05:56:05.829Z [INFO]: GET /api/notes?page=1&limit=2&sortBy=title&sortOrder=asc 200 - 10ms {"requestId":"3fb0e181-e495-4bf9-b799-75de56ef05b1","method":"GET","url":"/api/notes?page=1&limit=2&sortBy=title&sortOrder=asc","statusCode":200,"duration":10,"ip":"::1","userAgent":"PostmanRuntime/7.44.1"}
2025-07-05T06:00:07.472Z [INFO]: POST /api/notes 500 - 66ms {"requestId":"f587f88b-7e38-440c-a4b7-22637e66db75","method":"POST","url":"/api/notes","statusCode":500,"duration":66,"ip":"::1","userAgent":"PostmanRuntime/7.44.1"}
2025-07-05T06:00:48.054Z [INFO]: POST /api/notes 400 - 3ms {"requestId":"d03403bd-848c-479b-a577-8e9891772e22","method":"POST","url":"/api/notes","statusCode":400,"duration":3,"ip":"::1","userAgent":"PostmanRuntime/7.44.1"}
2025-07-05T06:01:26.411Z [INFO]: POST /api/notes 201 - 18ms {"requestId":"4e159c3d-27e9-4dd4-9313-2477a71f37c8","method":"POST","url":"/api/notes","statusCode":201,"duration":18,"ip":"::1","userAgent":"PostmanRuntime/7.44.1"}
2025-07-05T06:01:48.897Z [INFO]: GET /api/notes?page=1&limit=2&sortBy=title&sortOrder=asc 200 - 52ms {"requestId":"86bc7eb5-25bf-4350-8441-60b6b4559885","method":"GET","url":"/api/notes?page=1&limit=2&sortBy=title&sortOrder=asc","statusCode":200,"duration":52,"ip":"::1","userAgent":"PostmanRuntime/7.44.1"}
2025-07-05T06:01:59.381Z [INFO]: GET /api/notes?page=1&limit=2&sortBy=createdAt&sortOrder=ascesc 500 - 46ms {"requestId":"cc4df166-e5e7-4bf1-8574-2a65ff64a51e","method":"GET","url":"/api/notes?page=1&limit=2&sortBy=createdAt&sortOrder=ascesc","statusCode":500,"duration":46,"ip":"::1","userAgent":"PostmanRuntime/7.44.1"}
2025-07-05T06:02:12.743Z [INFO]: GET /api/notes?page=1&limit=2&sortBy=createdAt&sortOrder=desc 200 - 35ms {"requestId":"ecd26dad-dbb0-4c8e-a785-2d774ed6ccab","method":"GET","url":"/api/notes?page=1&limit=2&sortBy=createdAt&sortOrder=desc","statusCode":200,"duration":35,"ip":"::1","userAgent":"PostmanRuntime/7.44.1"}
2025-07-05T06:02:23.790Z [INFO]: GET /api/notes?page=1&limit=2&sortBy=createdAt&sortOrder=desc 200 - 28ms {"requestId":"484239c9-f9c0-46ec-b97e-eea625ed3190","method":"GET","url":"/api/notes?page=1&limit=2&sortBy=createdAt&sortOrder=desc","statusCode":200,"duration":28,"ip":"::1","userAgent":"PostmanRuntime/7.44.1"}
2025-07-05T06:04:12.617Z [INFO]: POST /api/notes 201 - 48ms {"requestId":"09ef8ac6-e00a-423b-b152-5160b57b978c","method":"POST","url":"/api/notes","statusCode":201,"duration":48,"ip":"::1","userAgent":"PostmanRuntime/7.44.1"}
2025-07-05T06:04:21.637Z [INFO]: GET /api/notes?page=1&limit=2&sortBy=createdAt&sortOrder=desc 200 - 8ms {"requestId":"080c1fc7-958a-488d-b7ee-6b578a80344c","method":"GET","url":"/api/notes?page=1&limit=2&sortBy=createdAt&sortOrder=desc","statusCode":200,"duration":8,"ip":"::1","userAgent":"PostmanRuntime/7.44.1"}
2025-07-05T09:15:55.309Z [INFO]: GET /api/notes?page=1&limit=2&sortBy=createdAt&sortOrder=desc 200 - 65ms {"requestId":"1edc399f-a0fa-4ea8-b988-125fa8c8fe28","method":"GET","url":"/api/notes?page=1&limit=2&sortBy=createdAt&sortOrder=desc","statusCode":200,"duration":65,"ip":"::1","userAgent":"PostmanRuntime/7.44.1"}
2025-07-05T09:16:04.597Z [INFO]: POST /api/notes 409 - 5ms {"requestId":"38162012-291e-451d-a49f-645b0c7fbfb6","method":"POST","url":"/api/notes","statusCode":409,"duration":5,"ip":"::1","userAgent":"PostmanRuntime/7.44.1"}
2025-07-05T09:16:32.460Z [INFO]: POST /api/notes 409 - 37ms {"requestId":"087b1a66-35e7-468f-a1c7-c2be6be2ffd8","method":"POST","url":"/api/notes","statusCode":409,"duration":37,"ip":"::1","userAgent":"PostmanRuntime/7.44.1"}
2025-07-05T10:18:54.044Z [INFO]: GET /api/notes?page=1&limit=2&sortBy=createdAt&sortOrder=desc 401 - 11ms {"requestId":"9d157389-3b3e-43dd-a2b1-cedd67013cfd","method":"GET","url":"/api/notes?page=1&limit=2&sortBy=createdAt&sortOrder=desc","statusCode":401,"duration":11,"ip":"::1","userAgent":"PostmanRuntime/7.44.1"}
2025-07-05T10:20:17.198Z [INFO]: GET /api/notes?page=1&limit=2&sortBy=createdAt&sortOrder=desc 401 - 7ms {"requestId":"a15b26ee-1d1e-46c9-a4ba-bbd6921556cf","method":"GET","url":"/api/notes?page=1&limit=2&sortBy=createdAt&sortOrder=desc","statusCode":401,"duration":7,"ip":"::1","userAgent":"PostmanRuntime/7.44.1"}
2025-07-05T10:20:42.713Z [INFO]: GET /api/notes?page=1&limit=2&sortBy=createdAt&sortOrder=desc 401 - 3ms {"requestId":"1b32e60c-67d2-4560-8c0d-1718c1a730b3","method":"GET","url":"/api/notes?page=1&limit=2&sortBy=createdAt&sortOrder=desc","statusCode":401,"duration":3,"ip":"::1","userAgent":"PostmanRuntime/7.44.1"}
2025-07-05T10:21:57.639Z [INFO]: GET /api/notes?page=1&limit=2&sortBy=createdAt&sortOrder=desc 500 - 6ms {"requestId":"230338f6-1c08-44e9-9393-b58e81d84e8f","method":"GET","url":"/api/notes?page=1&limit=2&sortBy=createdAt&sortOrder=desc","statusCode":500,"duration":6,"ip":"::1","userAgent":"PostmanRuntime/7.44.1"}
2025-07-05T10:23:16.383Z [INFO]: GET /api/notes?page=1&limit=2&sortBy=createdAt&sortOrder=desc 401 - 12ms {"requestId":"4b05b7bb-f7a8-4b1b-ac0b-cf3eb43adca8","method":"GET","url":"/api/notes?page=1&limit=2&sortBy=createdAt&sortOrder=desc","statusCode":401,"duration":12,"ip":"::1","userAgent":"PostmanRuntime/7.44.1"}
2025-07-05T10:25:20.020Z [INFO]: GET /api/notes?page=1&limit=2&sortBy=createdAt&sortOrder=desc 401 - 17ms {"requestId":"439cd322-8e1f-4bc8-8dc8-2e2e3ef66af1","method":"GET","url":"/api/notes?page=1&limit=2&sortBy=createdAt&sortOrder=desc","statusCode":401,"duration":17,"ip":"::1","userAgent":"PostmanRuntime/7.44.1"}
2025-07-05T10:25:40.256Z [INFO]: GET /api/notes?page=1&limit=2&sortBy=createdAt&sortOrder=desc 200 - 74ms {"requestId":"16b51131-f0da-4227-bdf8-52b85b8d0b91","method":"GET","url":"/api/notes?page=1&limit=2&sortBy=createdAt&sortOrder=desc","statusCode":200,"duration":74,"ip":"::1","userAgent":"PostmanRuntime/7.44.1"}
2025-07-05T10:29:05.645Z [INFO]: GET /api/notes?page=1&limit=2&sortBy=createdAt&sortOrder=desc 200 - 68ms {"requestId":"b434b1bc-6016-4b49-a103-7e662761e21c","method":"GET","url":"/api/notes?page=1&limit=2&sortBy=createdAt&sortOrder=desc","statusCode":200,"duration":68,"ip":"::1","userAgent":"PostmanRuntime/7.44.1"}
2025-07-05T10:29:31.143Z [INFO]: POST /auth/login 200 - 601ms {"requestId":"f5d39160-7c21-41dd-a07f-3fb077c9e8f0","method":"POST","url":"/auth/login","statusCode":200,"duration":601,"ip":"::1","userAgent":"PostmanRuntime/7.44.1"}
2025-07-05T10:30:28.447Z [INFO]: GET /api/notes?page=1&limit=2&sortBy=createdAt&sortOrder=desc 200 - 46ms {"requestId":"b1aeacaf-aec4-4018-a171-7d5b779f5905","method":"GET","url":"/api/notes?page=1&limit=2&sortBy=createdAt&sortOrder=desc","statusCode":200,"duration":46,"ip":"::1","userAgent":"PostmanRuntime/7.44.1"}
2025-07-05T10:30:45.252Z [INFO]: GET /api/notes?page=1&limit=2&sortBy=createdAt&sortOrder=desc 401 - 4ms {"requestId":"fca6148a-3e09-466b-9257-fc7f553fee55","method":"GET","url":"/api/notes?page=1&limit=2&sortBy=createdAt&sortOrder=desc","statusCode":401,"duration":4,"ip":"::1","userAgent":"PostmanRuntime/7.44.1"}
2025-07-05T10:31:32.971Z [INFO]: GET /api/notes?page=1&limit=2&sortBy=createdAt&sortOrder=desc 401 - 2ms {"requestId":"c80c06d4-9a2a-4acb-a23c-0467d0239345","method":"GET","url":"/api/notes?page=1&limit=2&sortBy=createdAt&sortOrder=desc","statusCode":401,"duration":2,"ip":"::1","userAgent":"PostmanRuntime/7.44.1"}
2025-07-05T10:35:25.089Z [INFO]: GET /api/notes?page=1&limit=2&sortBy=createdAt&sortOrder=desc 401 - 20ms {"requestId":"f33b4406-4268-48aa-ae19-a7f94f3359e1","method":"GET","url":"/api/notes?page=1&limit=2&sortBy=createdAt&sortOrder=desc","statusCode":401,"duration":20,"ip":"::1","userAgent":"PostmanRuntime/7.44.1"}
2025-07-05T10:35:40.815Z [INFO]: GET /api/notes?page=1&limit=2&sortBy=createdAt&sortOrder=desc 200 - 95ms {"requestId":"9bbd8b78-ed5b-4be3-a6e4-af33008e9395","method":"GET","url":"/api/notes?page=1&limit=2&sortBy=createdAt&sortOrder=desc","statusCode":200,"duration":95,"ip":"::1","userAgent":"PostmanRuntime/7.44.1"}
2025-07-05T10:36:01.498Z [INFO]: POST /api/notes 401 - 33ms {"requestId":"1401177f-79f0-4bfe-9b50-d4690f548672","method":"POST","url":"/api/notes","statusCode":401,"duration":33,"ip":"::1","userAgent":"PostmanRuntime/7.44.1"}
2025-07-05T10:36:19.631Z [INFO]: POST /api/notes 409 - 68ms {"requestId":"8865be83-f0e2-428b-a6b4-509b0fcfc35d","method":"POST","url":"/api/notes","statusCode":409,"duration":68,"ip":"::1","userAgent":"PostmanRuntime/7.44.1"}
2025-07-05T10:43:38.092Z [INFO]: POST /api/notes 201 - 60ms {"requestId":"22b67962-eaed-4075-80bc-153f551ab93d","method":"POST","url":"/api/notes","statusCode":201,"duration":60,"ip":"::1","userAgent":"PostmanRuntime/7.44.1"}
2025-07-05T10:52:02.769Z [INFO]: GET /api/notes/2410c061-b768-4710-b259-30034a8c43a9 200 - 61ms {"requestId":"8d7ede94-6a31-4a09-9556-0abe4361fbc7","method":"GET","url":"/api/notes/2410c061-b768-4710-b259-30034a8c43a9","statusCode":200,"duration":61,"ip":"::1","userAgent":"PostmanRuntime/7.44.1"}
2025-07-05T10:52:08.685Z [INFO]: GET /api/notes/2410c061-b768-4710-b259-30034a8c43a9a 500 - 82ms {"requestId":"329fb135-95e2-47f3-8ad1-c2e67e5d3386","method":"GET","url":"/api/notes/2410c061-b768-4710-b259-30034a8c43a9a","statusCode":500,"duration":82,"ip":"::1","userAgent":"PostmanRuntime/7.44.1"}
2025-07-05T10:54:32.479Z [INFO]: GET /api/notes/2410c061-b768-4710-b259-30034a8c43a9a 500 - 26ms {"requestId":"cb80ff28-d3e7-477a-95d8-82b6521e62ff","method":"GET","url":"/api/notes/2410c061-b768-4710-b259-30034a8c43a9a","statusCode":500,"duration":26,"ip":"::1","userAgent":"PostmanRuntime/7.44.1"}
2025-07-05T10:54:52.388Z [INFO]: GET /api/notes/2410c061-b768-4710-b259-30034a8c43a9a 500 - 28ms {"requestId":"739b7781-dc53-4b98-b7b9-075eb4bb08ae","method":"GET","url":"/api/notes/2410c061-b768-4710-b259-30034a8c43a9a","statusCode":500,"duration":28,"ip":"::1","userAgent":"PostmanRuntime/7.44.1"}
2025-07-05T10:55:32.111Z [INFO]: GET /api/notes/2410c061-b768-4710-b259-30034a8c43a9a 500 - 48ms {"requestId":"53f0dedf-600f-445b-b09d-4a942c8f2fb8","method":"GET","url":"/api/notes/2410c061-b768-4710-b259-30034a8c43a9a","statusCode":500,"duration":48,"ip":"::1","userAgent":"PostmanRuntime/7.44.1"}
2025-07-05T10:56:50.681Z [INFO]: GET /api/notes/2410c061-b768-4710-b259-30034a8c43a9a 500 - 36ms {"requestId":"6c248476-6681-41f2-ad8f-4983411aaa6c","method":"GET","url":"/api/notes/2410c061-b768-4710-b259-30034a8c43a9a","statusCode":500,"duration":36,"ip":"::1","userAgent":"PostmanRuntime/7.44.1"}
2025-07-05T10:57:58.129Z [INFO]: GET /api/notes/2410c061-b768-4710-b259-30034a8c43a9a 500 - 24ms {"requestId":"24ad794f-052e-414b-a588-bf9ac22994f1","method":"GET","url":"/api/notes/2410c061-b768-4710-b259-30034a8c43a9a","statusCode":500,"duration":24,"ip":"::1","userAgent":"PostmanRuntime/7.44.1"}
2025-07-05T10:58:24.302Z [INFO]: GET /api/notes/2410c061-b768-4710-b259-30034a8c43a9a 500 - 31ms {"requestId":"6bf2734e-5f03-472b-93f2-85cd9f749e73","method":"GET","url":"/api/notes/2410c061-b768-4710-b259-30034a8c43a9a","statusCode":500,"duration":31,"ip":"::1","userAgent":"PostmanRuntime/7.44.1"}
2025-07-05T11:01:26.898Z [INFO]: GET /api/notes/2410c061-b768-4710-b259-30034a8c43a9a 400 - 23ms {"requestId":"7606fb8b-9475-4172-9b69-6a90e9453957","method":"GET","url":"/api/notes/2410c061-b768-4710-b259-30034a8c43a9a","statusCode":400,"duration":23,"ip":"::1","userAgent":"PostmanRuntime/7.44.1"}
2025-07-05T11:02:06.851Z [INFO]: GET /api/notes/2410c061-b768-4710-b259-30034a8c43a9a 400 - 22ms {"requestId":"b6c98491-e787-4525-b646-e4a668d50eda","method":"GET","url":"/api/notes/2410c061-b768-4710-b259-30034a8c43a9a","statusCode":400,"duration":22,"ip":"::1","userAgent":"PostmanRuntime/7.44.1"}
2025-07-05T11:02:21.599Z [INFO]: GET /api/notes/2410c061-b768-4710-b259-30034a8c43a9a 400 - 22ms {"requestId":"1b098eae-a0fe-4826-a1a6-c4e89667bcb6","method":"GET","url":"/api/notes/2410c061-b768-4710-b259-30034a8c43a9a","statusCode":400,"duration":22,"ip":"::1","userAgent":"PostmanRuntime/7.44.1"}
2025-07-05T11:03:01.139Z [INFO]: GET /api/notes/2410c061-b768-4710-b259-30034a8c43a9a 500 - 30ms {"requestId":"23d63e00-98c1-4670-a923-40391720d2ee","method":"GET","url":"/api/notes/2410c061-b768-4710-b259-30034a8c43a9a","statusCode":500,"duration":30,"ip":"::1","userAgent":"PostmanRuntime/7.44.1"}
2025-07-05T11:04:31.223Z [INFO]: GET /api/notes/2410c061-b768-4710-b259-30034a8c43a9a 400 - 14ms {"requestId":"e83cb0b5-680c-474a-a7cb-356e10a91049","method":"GET","url":"/api/notes/2410c061-b768-4710-b259-30034a8c43a9a","statusCode":400,"duration":14,"ip":"::1","userAgent":"PostmanRuntime/7.44.1"}
2025-07-05T11:05:33.073Z [INFO]: GET /api/notes/2410c061-b768-4710-b259-30034a8c43a9a 400 - 6ms {"requestId":"ee2daacb-9acc-43f3-99ed-7c5f288680dc","method":"GET","url":"/api/notes/2410c061-b768-4710-b259-30034a8c43a9a","statusCode":400,"duration":6,"ip":"::1","userAgent":"PostmanRuntime/7.44.1"}
2025-07-05T11:05:39.099Z [INFO]: GET /api/notes/2410c061-b768-4710-b259-30034a8c43a9 200 - 53ms {"requestId":"62a7b7cf-81b0-4005-93b3-1bcfca95183d","method":"GET","url":"/api/notes/2410c061-b768-4710-b259-30034a8c43a9","statusCode":200,"duration":53,"ip":"::1","userAgent":"PostmanRuntime/7.44.1"}
2025-07-05T11:05:44.208Z [INFO]: GET /api/notes/2410c061-b768-4710-b259-30034a8c43a1 404 - 3ms {"requestId":"c5f06711-b9b6-4727-a7ac-00e89ea0d3f8","method":"GET","url":"/api/notes/2410c061-b768-4710-b259-30034a8c43a1","statusCode":404,"duration":3,"ip":"::1","userAgent":"PostmanRuntime/7.44.1"}
2025-07-05T11:05:47.957Z [INFO]: GET /api/notes/2410c061-b768-4710-b259-30034a8c43a9 200 - 5ms {"requestId":"9503cf24-e53c-4583-991c-6697ad2e300f","method":"GET","url":"/api/notes/2410c061-b768-4710-b259-30034a8c43a9","statusCode":200,"duration":5,"ip":"::1","userAgent":"PostmanRuntime/7.44.1"}
2025-07-05T11:15:20.318Z [INFO]: GET /api/notes/2410c061-b768-4710-b259-30034a8c43a9 200 - 9ms {"requestId":"d2ee53ef-dfbe-4f26-b7d4-33fd0f76d757","method":"GET","url":"/api/notes/2410c061-b768-4710-b259-30034a8c43a9","statusCode":200,"duration":9,"ip":"::1","userAgent":"PostmanRuntime/7.44.1"}
2025-07-05T11:20:41.042Z [INFO]: GET /api/notes/2410c061-b768-4710-b259-30034a8c43a9 200 - 12ms {"requestId":"70bac916-f3f5-45aa-90ed-e3f52fbe4b82","method":"GET","url":"/api/notes/2410c061-b768-4710-b259-30034a8c43a9","statusCode":200,"duration":12,"ip":"::1","userAgent":"PostmanRuntime/7.44.1"}
2025-07-05T11:24:00.440Z [INFO]: POST /auth/login 200 - 120ms {"requestId":"4cace40e-1922-42d1-b1f5-8ec67b757ba8","method":"POST","url":"/auth/login","statusCode":200,"duration":120,"ip":"::1","userAgent":"PostmanRuntime/7.44.1"}
2025-07-05T11:24:01.529Z [INFO]: POST /auth/login 200 - 80ms {"requestId":"0f391a18-dedd-4977-93f2-6ffa91e3b465","method":"POST","url":"/auth/login","statusCode":200,"duration":80,"ip":"::1","userAgent":"PostmanRuntime/7.44.1"}
2025-07-05T11:24:02.323Z [INFO]: POST /auth/login 200 - 70ms {"requestId":"bdc22484-0ebb-40cc-ac4b-cc7e3c5f67eb","method":"POST","url":"/auth/login","statusCode":200,"duration":70,"ip":"::1","userAgent":"PostmanRuntime/7.44.1"}
2025-07-05T11:24:03.210Z [INFO]: POST /auth/login 200 - 131ms {"requestId":"c6252a20-87f5-41dc-b888-3693b9c2b5f2","method":"POST","url":"/auth/login","statusCode":200,"duration":131,"ip":"::1","userAgent":"PostmanRuntime/7.44.1"}
2025-07-05T11:24:03.842Z [INFO]: POST /auth/login 200 - 88ms {"requestId":"56f54b1a-1f44-4615-a7de-d05f1156304e","method":"POST","url":"/auth/login","statusCode":200,"duration":88,"ip":"::1","userAgent":"PostmanRuntime/7.44.1"}
2025-07-05T11:24:04.642Z [INFO]: POST /auth/login 429 - 2ms {"requestId":"d3f0a5ee-6fc1-4836-8220-d9689ba0a57f","method":"POST","url":"/auth/login","statusCode":429,"duration":2,"ip":"::1","userAgent":"PostmanRuntime/7.44.1"}
2025-07-05T11:24:11.458Z [INFO]: GET /api/notes?page=1&limit=2&sortBy=createdAt&sortOrder=desc 200 - 4ms {"requestId":"c5643409-c026-46a3-b433-b7b484137ddb","method":"GET","url":"/api/notes?page=1&limit=2&sortBy=createdAt&sortOrder=desc","statusCode":200,"duration":4,"ip":"::1","userAgent":"PostmanRuntime/7.44.1"}
2025-07-05T11:26:35.743Z [INFO]: GET /api/notes?page=1&limit=2&sortBy=createdAt&sortOrder=desc 200 - 14ms {"requestId":"82d4d5f4-88a6-415b-b4cc-f35754517815","method":"GET","url":"/api/notes?page=1&limit=2&sortBy=createdAt&sortOrder=desc","statusCode":200,"duration":14,"ip":"::1","userAgent":"PostmanRuntime/7.44.1"}
2025-07-05T11:27:08.606Z [INFO]: GET /api/notes?page=1&limit=2&sortBy=createdAt&sortOrder=desc 200 - 10ms {"requestId":"ebd457ec-f5cc-4760-ba27-0350989d4d6e","method":"GET","url":"/api/notes?page=1&limit=2&sortBy=createdAt&sortOrder=desc","statusCode":200,"duration":10,"ip":"::1","userAgent":"PostmanRuntime/7.44.1"}
2025-07-05T11:27:18.461Z [INFO]: GET /api/notes?page=1&limit=2&sortBy=createdAt&sortOrder=desc&limit=3 400 - 1ms {"method":"GET","url":"/api/notes?page=1&limit=2&sortBy=createdAt&sortOrder=desc&limit=3","statusCode":400,"duration":1,"ip":"::1","userAgent":"PostmanRuntime/7.44.1"}
2025-07-05T11:27:21.951Z [INFO]: GET /api/notes?page=1&limit=2&sortBy=createdAt&sortOrder=desc&limit=2 400 - 1ms {"method":"GET","url":"/api/notes?page=1&limit=2&sortBy=createdAt&sortOrder=desc&limit=2","statusCode":400,"duration":1,"ip":"::1","userAgent":"PostmanRuntime/7.44.1"}
2025-07-05T11:27:26.085Z [INFO]: GET /api/notes?page=1&limit=2&sortBy=createdAt&sortOrder=desc 200 - 36ms {"requestId":"d288fa4d-af10-499c-89ec-3b33c5ac806c","method":"GET","url":"/api/notes?page=1&limit=2&sortBy=createdAt&sortOrder=desc","statusCode":200,"duration":36,"ip":"::1","userAgent":"PostmanRuntime/7.44.1"}
2025-07-05T11:28:14.424Z [INFO]: GET /api/notes/2410c061-b768-4710-b259-30034a8c43a9 200 - 19ms {"requestId":"617480e3-2450-4f2d-86ee-ab3d84e1089d","method":"GET","url":"/api/notes/2410c061-b768-4710-b259-30034a8c43a9","statusCode":200,"duration":19,"ip":"::1","userAgent":"PostmanRuntime/7.44.1"}
2025-07-05T11:28:31.734Z [INFO]: POST /api/notes 409 - 42ms {"requestId":"5808e148-7b82-4b9d-be83-3f903c25786f","method":"POST","url":"/api/notes","statusCode":409,"duration":42,"ip":"::1","userAgent":"PostmanRuntime/7.44.1"}
2025-07-05T11:28:37.247Z [INFO]: POST /api/notes 400 - 4ms {"requestId":"7c07368d-f90a-4b87-b7be-d08468e60235","method":"POST","url":"/api/notes","statusCode":400,"duration":4,"ip":"::1","userAgent":"PostmanRuntime/7.44.1"}
2025-07-05T11:38:34.683Z [INFO]: POST /api/notes 409 - 91ms {"requestId":"8f42720c-0529-4179-bb02-eac530f7f1bb","method":"POST","url":"/api/notes","statusCode":409,"duration":91,"ip":"::1","userAgent":"PostmanRuntime/7.44.1"}
2025-07-05T11:38:42.962Z [INFO]: POST /api/notes 400 - 3ms {"requestId":"a5335345-5afd-4744-b3fc-cff3872854e6","method":"POST","url":"/api/notes","statusCode":400,"duration":3,"ip":"::1","userAgent":"PostmanRuntime/7.44.1"}
2025-07-05T11:39:17.665Z [INFO]: POST /api/notes 400 - 14ms {"requestId":"6b3e4f24-9d86-4f44-a6f6-85eefe62d0fc","method":"POST","url":"/api/notes","statusCode":400,"duration":14,"userAgent":"PostmanRuntime/7.44.1"}
2025-07-05T11:39:31.804Z [INFO]: POST /api/notes 409 - 68ms {"requestId":"08553679-8cae-4c7c-ae59-d58e2331c833","method":"POST","url":"/api/notes","statusCode":409,"duration":68,"ip":"::1","userAgent":"PostmanRuntime/7.44.1"}
2025-07-05T11:39:40.978Z [INFO]: POST /api/notes 400 - 2ms {"requestId":"dd1398c3-e9e0-4aaf-9a91-41f9c74878e3","method":"POST","url":"/api/notes","statusCode":400,"duration":2,"ip":"::1","userAgent":"PostmanRuntime/7.44.1"}
2025-07-05T11:39:46.042Z [INFO]: POST /api/notes 409 - 59ms {"requestId":"cd430656-2534-4733-9daf-01e4096df673","method":"POST","url":"/api/notes","statusCode":409,"duration":59,"ip":"::1","userAgent":"PostmanRuntime/7.44.1"}
2025-07-05T11:39:49.902Z [INFO]: POST /api/notes 400 - 1ms {"requestId":"e90c7eab-7159-4884-a0c4-7bf796e48b91","method":"POST","url":"/api/notes","statusCode":400,"duration":1,"ip":"::1","userAgent":"PostmanRuntime/7.44.1"}
2025-07-05T11:40:00.734Z [INFO]: GET /api/notes/2410c061-b768-4710-b259-30034a8c43a9 200 - 69ms {"requestId":"f8359595-2814-442a-82a3-841ed91cb6d7","method":"GET","url":"/api/notes/2410c061-b768-4710-b259-30034a8c43a9","statusCode":200,"duration":69,"ip":"::1","userAgent":"PostmanRuntime/7.44.1"}
2025-07-05T13:35:41.712Z [INFO]: GET /api/notes?page=1&limit=2&sortBy=createdAt&sortOrder=desc 200 - 23ms {"requestId":"ff2e5461-099c-4b04-81e5-80aaed9105dc","method":"GET","url":"/api/notes?page=1&limit=2&sortBy=createdAt&sortOrder=desc","statusCode":200,"duration":23,"ip":"::1","userAgent":"PostmanRuntime/7.44.1"}
2025-07-07T15:19:57.449Z [INFO]: POST /auth/login 200 - 132ms {"requestId":"8746d7f7-ecdc-4ecd-ad37-44ba45402a92","method":"POST","url":"/auth/login","statusCode":200,"duration":132,"ip":"::1","userAgent":"PostmanRuntime/7.44.1"}
2025-07-07T15:22:24.348Z [INFO]: POST /auth/login 200 - 138ms {"requestId":"cb2a14ac-633f-4a6e-ba40-c247c4d9d8b3","method":"POST","url":"/auth/login","statusCode":200,"duration":138,"ip":"::1","userAgent":"PostmanRuntime/7.44.1"}
2025-07-07T15:33:53.038Z [INFO]: POST /auth/login 200 - 126ms {"requestId":"e407a1dc-d7d4-4643-a183-58162b96cb8a","method":"POST","url":"/auth/login","statusCode":200,"duration":126,"ip":"::1","userAgent":"PostmanRuntime/7.44.1"}
2025-07-07T16:34:04.631Z [INFO]: GET /api/notes?page=1&limit=2&sortBy=createdAt&sortOrder=desc 200 - 101ms {"requestId":"be54d15c-9100-4544-a031-108850bf701f","method":"GET","url":"/api/notes?page=1&limit=2&sortBy=createdAt&sortOrder=desc","statusCode":200,"duration":101,"ip":"::1","userAgent":"PostmanRuntime/7.44.1"}
2025-07-08T11:35:28.876Z [INFO]: POST /auth/login 200 - 116ms {"requestId":"c53053d2-59ae-4abe-860c-75185023ab77","method":"POST","url":"/auth/login","statusCode":200,"duration":116,"ip":"::1","userAgent":"PostmanRuntime/7.44.1"}
2025-07-08T11:42:09.977Z [INFO]: POST /auth/login 403 - 78ms {"requestId":"3506ab93-9dde-4200-a18b-56258aaca56e","method":"POST","url":"/auth/login","statusCode":403,"duration":78,"ip":"::1","userAgent":"PostmanRuntime/7.44.1"}
2025-07-08T11:42:20.624Z [INFO]: POST /auth/login 401 - 45ms {"requestId":"1e3a7d9d-8326-4caa-9ee0-d678c003763d","method":"POST","url":"/auth/login","statusCode":401,"duration":45,"ip":"::1","userAgent":"PostmanRuntime/7.44.1"}
2025-07-08T11:42:53.188Z [INFO]: POST /auth/login 403 - 90ms {"requestId":"ba01b1da-40eb-44fd-a807-bfd8b0838b7c","method":"POST","url":"/auth/login","statusCode":403,"duration":90,"ip":"::1","userAgent":"PostmanRuntime/7.44.1"}
2025-07-08T11:43:55.949Z [INFO]: POST /auth/login 403 - 26ms {"requestId":"820a6cfe-25c0-4f26-880a-adc5cc87a98a","method":"POST","url":"/auth/login","statusCode":403,"duration":26,"ip":"::1","userAgent":"PostmanRuntime/7.44.1"}
2025-07-08T11:46:11.988Z [INFO]: POST /auth/refresh-token 429 - 1ms {"requestId":"79aeb9d9-5e46-4df3-8380-371e48ad72dc","method":"POST","url":"/auth/refresh-token","statusCode":429,"duration":1,"ip":"::1","userAgent":"PostmanRuntime/7.44.1"}
2025-07-08T11:46:57.590Z [INFO]: POST /auth/refresh-token 429 - 1ms {"requestId":"4973d1db-5d95-4225-94af-7142a317b931","method":"POST","url":"/auth/refresh-token","statusCode":429,"duration":1,"ip":"::1","userAgent":"PostmanRuntime/7.44.1"}
2025-07-08T11:47:44.730Z [INFO]: POST /auth/refresh-token 200 - 80ms {"requestId":"91e659e0-745f-4cab-b84a-8cffffd35e5f","method":"POST","url":"/auth/refresh-token","statusCode":200,"duration":80,"ip":"::1","userAgent":"PostmanRuntime/7.44.1"}
2025-07-08T11:48:40.920Z [INFO]: POST /auth/refresh-token 401 - 39ms {"requestId":"02c08638-97ec-45be-803a-74972b9d5e7a","method":"POST","url":"/auth/refresh-token","statusCode":401,"duration":39,"ip":"::1","userAgent":"PostmanRuntime/7.44.1"}
2025-07-08T11:49:08.654Z [INFO]: POST /auth/refresh-token 401 - 66ms {"requestId":"2e144353-d68b-4a03-8db9-9758b68a9612","method":"POST","url":"/auth/refresh-token","statusCode":401,"duration":66,"ip":"::1","userAgent":"PostmanRuntime/7.44.1"}
2025-07-08T11:49:33.388Z [INFO]: POST /auth/refresh-token 401 - 51ms {"requestId":"baeff8d4-b57d-4549-b02e-3f34777672ff","method":"POST","url":"/auth/refresh-token","statusCode":401,"duration":51,"ip":"::1","userAgent":"PostmanRuntime/7.44.1"}
2025-07-08T11:53:09.350Z [INFO]: GET /api/notes?page=1&limit=2&sortBy=createdAt&sortOrder=desc 200 - 34ms {"requestId":"c183abc5-f4f1-4a39-bf4c-4a6b77843215","method":"GET","url":"/api/notes?page=1&limit=2&sortBy=createdAt&sortOrder=desc","statusCode":200,"duration":34,"ip":"::1","userAgent":"PostmanRuntime/7.44.1"}
2025-07-08T11:57:19.793Z [INFO]: GET /api/notes?page=1&limit=2&sortBy=createdAt&sortOrder=desc 401 - 2ms {"requestId":"eba3c1b4-f999-46e9-8f9c-718d0faa4b3c","method":"GET","url":"/api/notes?page=1&limit=2&sortBy=createdAt&sortOrder=desc","statusCode":401,"duration":2,"ip":"::1","userAgent":"PostmanRuntime/7.44.1"}
2025-07-08T11:59:01.994Z [INFO]: GET /api/notes?page=1&limit=2&sortBy=createdAt&sortOrder=desc 401 - 1ms {"requestId":"ea779fe6-933d-4ecb-8b09-579b0d76f8d0","method":"GET","url":"/api/notes?page=1&limit=2&sortBy=createdAt&sortOrder=desc","statusCode":401,"duration":1,"ip":"::1","userAgent":"PostmanRuntime/7.44.1"}
2025-07-08T12:26:03.140Z [INFO]: GET /api/notes?page=1 500 - 7ms {"method":"GET","url":"/api/notes?page=1","statusCode":500,"duration":7,"ip":"::1","userAgent":"curl/8.13.0"}
2025-07-08T12:26:37.574Z [INFO]: GET /api/notes?page=1&limit=2&sortBy=createdAt&sortOrder=desc 500 - 3ms {"method":"GET","url":"/api/notes?page=1&limit=2&sortBy=createdAt&sortOrder=desc","statusCode":500,"duration":3,"ip":"::1","userAgent":"curl/8.13.0"}
2025-07-08T12:27:19.480Z [INFO]: GET /api/notes?page=1&limit=2&sortBy=createdAt&sortOrder=desc 500 - 2ms {"method":"GET","url":"/api/notes?page=1&limit=2&sortBy=createdAt&sortOrder=desc","statusCode":500,"duration":2,"ip":"::1","userAgent":"curl/8.13.0"}
2025-07-08T12:32:27.199Z [INFO]: GET /api/notes?page=1&limit=2&sortBy=createdAt&sortOrder=desc 403 - 12ms {"method":"GET","url":"/api/notes?page=1&limit=2&sortBy=createdAt&sortOrder=desc","statusCode":403,"duration":12,"ip":"::1","userAgent":"curl/8.13.0"}
2025-07-08T12:35:40.338Z [INFO]: GET /api/notes?page=1&limit=2&sortBy=createdAt&sortOrder=desc 403 - 2ms {"method":"GET","url":"/api/notes?page=1&limit=2&sortBy=createdAt&sortOrder=desc","statusCode":403,"duration":2,"ip":"::1","userAgent":"curl/8.13.0"}
2025-07-08T12:35:56.995Z [INFO]: GET /api/notes?page=1&limit=2&sortBy=createdAt&sortOrder=desc 403 - 2ms {"method":"GET","url":"/api/notes?page=1&limit=2&sortBy=createdAt&sortOrder=desc","statusCode":403,"duration":2,"ip":"::1","userAgent":"curl/8.13.0"}
2025-07-08T12:46:19.565Z [INFO]: POST /api/notes 400 - 4ms {"requestId":"d6a3d13c-cce4-4904-817c-ec164ab7bff9","method":"POST","url":"/api/notes","statusCode":400,"duration":4,"ip":"::1","userAgent":"PostmanRuntime/7.44.1"}
2025-07-08T12:55:13.984Z [INFO]: GET /api/notes?page=1&page=2&limit=2&sortBy=createdAt&sortOrder=desc 400 - 1ms {"method":"GET","url":"/api/notes?page=1&page=2&limit=2&sortBy=createdAt&sortOrder=desc","statusCode":400,"duration":1,"ip":"::1","userAgent":"PostmanRuntime/7.44.1"}
2025-07-08T12:57:41.327Z [INFO]: POST /api/notes 401 - 9ms {"requestId":"21fe1397-74dd-4ab8-bc18-506e7137fe72","method":"POST","url":"/api/notes","statusCode":401,"duration":9,"ip":"::1","userAgent":"PostmanRuntime/7.44.1"}
2025-07-08T12:57:52.453Z [INFO]: POST /auth/login 403 - 36ms {"requestId":"42a33803-da89-4922-b80b-27216f8c7266","method":"POST","url":"/auth/login","statusCode":403,"duration":36,"ip":"::1","userAgent":"PostmanRuntime/7.44.1"}
2025-07-08T12:58:12.035Z [INFO]: POST /auth/login 200 - 211ms {"requestId":"297ca972-28d5-426a-8790-99472965f880","method":"POST","url":"/auth/login","statusCode":200,"duration":211,"ip":"::1","userAgent":"PostmanRuntime/7.44.1"}
2025-07-08T12:58:30.010Z [INFO]: POST /api/notes 201 - 52ms {"requestId":"78897477-0fe7-44ac-92f3-9395a2b9fd05","method":"POST","url":"/api/notes","statusCode":201,"duration":52,"ip":"::1","userAgent":"PostmanRuntime/7.44.1"}
2025-07-08T13:01:39.983Z [INFO]: GET /api/notes?page=1&limit=2&sortBy=createdAt&sortOrder=desc 401 - 1ms {"requestId":"959ac6fd-9404-4fb0-8e32-b611930c848c","method":"GET","url":"/api/notes?page=1&limit=2&sortBy=createdAt&sortOrder=desc","statusCode":401,"duration":1,"ip":"::1","userAgent":"PostmanRuntime/7.44.1"}
2025-07-08T13:01:52.006Z [INFO]: GET /api/notes?page=1&limit=2&sortBy=createdAt&sortOrder=desc 200 - 26ms {"requestId":"679c6673-8cc9-42cb-b61b-f05676f561e8","method":"GET","url":"/api/notes?page=1&limit=2&sortBy=createdAt&sortOrder=desc","statusCode":200,"duration":26,"ip":"::1","userAgent":"PostmanRuntime/7.44.1"}
2025-07-08T13:02:41.934Z [INFO]: GET /api/notes?page=1&limit=10&sortBy=createdAt&sortOrder=desc 200 - 36ms {"requestId":"90a2aa58-61b3-4ad0-a85f-4bfa2a37f247","method":"GET","url":"/api/notes?page=1&limit=10&sortBy=createdAt&sortOrder=desc","statusCode":200,"duration":36,"ip":"::1","userAgent":"PostmanRuntime/7.44.1"}
2025-07-08T13:03:37.383Z [INFO]: GET /api/notes?page=1&limit=10&sortBy=createdAt&sortOrder=desc 200 - 10ms {"requestId":"642959ea-fb09-47bf-9e2b-327c95949aa9","method":"GET","url":"/api/notes?page=1&limit=10&sortBy=createdAt&sortOrder=desc","statusCode":200,"duration":10,"ip":"::1","userAgent":"PostmanRuntime/7.44.1"}
2025-07-08T13:03:39.893Z [INFO]: GET /api/notes?page=1&limit=10&sortBy=createdAt&sortOrder=desc 200 - 3ms {"requestId":"487c1e20-8470-4194-bf08-2ca054e5daeb","method":"GET","url":"/api/notes?page=1&limit=10&sortBy=createdAt&sortOrder=desc","statusCode":200,"duration":3,"ip":"::1","userAgent":"PostmanRuntime/7.44.1"}
2025-07-08T13:03:41.541Z [INFO]: GET /api/notes?page=1&limit=10&sortBy=createdAt&sortOrder=desc 200 - 2ms {"requestId":"8c0c4768-7ced-408c-b28f-698d08c41a6a","method":"GET","url":"/api/notes?page=1&limit=10&sortBy=createdAt&sortOrder=desc","statusCode":200,"duration":2,"ip":"::1","userAgent":"PostmanRuntime/7.44.1"}
2025-07-08T13:03:58.722Z [INFO]: GET /api/notes?page=1&limit=10&sortBy=createdAt&sortOrder=desc 200 - 13ms {"requestId":"5ecb09d5-bff8-40e9-a615-9b07c6ce29ee","method":"GET","url":"/api/notes?page=1&limit=10&sortBy=createdAt&sortOrder=desc","statusCode":200,"duration":13,"ip":"::1","userAgent":"PostmanRuntime/7.44.1"}
2025-07-08T13:12:44.489Z [INFO]: GET /api/undefined-route 404 - 1ms {"requestId":"d21673c8-0459-49f2-a279-517aeac44e87","method":"GET","url":"/api/undefined-route","statusCode":404,"duration":1,"ip":"::1","userAgent":"PostmanRuntime/7.44.1"}
2025-07-08T13:13:35.742Z [INFO]: GET /api/notes/invalid-endpoint 400 - 4ms {"requestId":"649901cf-48b8-468d-9260-2b6d9156fc0d","method":"GET","url":"/api/notes/invalid-endpoint","statusCode":400,"duration":4,"ip":"::1","userAgent":"PostmanRuntime/7.44.1"}
2025-07-08T13:15:16.129Z [INFO]: GET /api/notes/INV 401 - 3ms {"requestId":"a859a0de-45ba-4426-b921-040e8ffe1fa8","method":"GET","url":"/api/notes/INV","statusCode":401,"duration":3,"ip":"::1","userAgent":"PostmanRuntime/7.44.1"}
2025-07-08T13:15:31.010Z [INFO]: GET /api/notes/INV 400 - 5ms {"requestId":"80f83b7b-dc4f-4401-bcca-31cb77f6aed6","method":"GET","url":"/api/notes/INV","statusCode":400,"duration":5,"ip":"::1","userAgent":"PostmanRuntime/7.44.1"}
2025-07-08T13:15:38.388Z [INFO]: GET /api/notes/2410c061-b768-4710-b259-30034a8c43aA 404 - 57ms {"requestId":"cca51a0e-31a9-46b7-aad6-1613161fa177","method":"GET","url":"/api/notes/2410c061-b768-4710-b259-30034a8c43aA","statusCode":404,"duration":57,"ip":"::1","userAgent":"PostmanRuntime/7.44.1"}
2025-07-08T13:15:45.633Z [INFO]: GET /api/notes/2410c061-b768-4710-b259-30034a8c43a9 404 - 6ms {"requestId":"68e627a7-b746-43b0-97ca-1407d14e6e25","method":"GET","url":"/api/notes/2410c061-b768-4710-b259-30034a8c43a9","statusCode":404,"duration":6,"ip":"::1","userAgent":"PostmanRuntime/7.44.1"}
2025-07-08T13:16:45.409Z [INFO]: GET /api/notes?page=1&limit=10&sortBy=createdAt&sortOrder=desc 200 - 199ms {"requestId":"f3d0fc97-b588-4298-b6cb-12c3811f5e01","method":"GET","url":"/api/notes?page=1&limit=10&sortBy=createdAt&sortOrder=desc","statusCode":200,"duration":199,"ip":"::1","userAgent":"PostmanRuntime/7.44.1"}
2025-07-08T13:16:46.786Z [INFO]: GET /api/notes?page=1&limit=10&sortBy=createdAt&sortOrder=desc 200 - 10ms {"requestId":"1a13b16c-8c53-467b-a74f-84a8bb2e8676","method":"GET","url":"/api/notes?page=1&limit=10&sortBy=createdAt&sortOrder=desc","statusCode":200,"duration":10,"ip":"::1","userAgent":"PostmanRuntime/7.44.1"}
2025-07-08T13:16:48.004Z [INFO]: GET /api/notes?page=1&limit=10&sortBy=createdAt&sortOrder=desc 200 - 12ms {"requestId":"a0482872-5a15-411a-a3eb-1d36f38b6293","method":"GET","url":"/api/notes?page=1&limit=10&sortBy=createdAt&sortOrder=desc","statusCode":200,"duration":12,"ip":"::1","userAgent":"PostmanRuntime/7.44.1"}
2025-07-08T13:16:49.032Z [INFO]: GET /api/notes?page=1&limit=10&sortBy=createdAt&sortOrder=desc 200 - 12ms {"requestId":"1394c414-9a95-4c89-b951-d101f7ca00ab","method":"GET","url":"/api/notes?page=1&limit=10&sortBy=createdAt&sortOrder=desc","statusCode":200,"duration":12,"ip":"::1","userAgent":"PostmanRuntime/7.44.1"}
2025-07-08T13:16:49.837Z [INFO]: GET /api/notes?page=1&limit=10&sortBy=createdAt&sortOrder=desc 200 - 10ms {"requestId":"c87f5587-3da9-438b-90d2-b450b998e2e2","method":"GET","url":"/api/notes?page=1&limit=10&sortBy=createdAt&sortOrder=desc","statusCode":200,"duration":10,"ip":"::1","userAgent":"PostmanRuntime/7.44.1"}
2025-07-08T13:16:50.726Z [INFO]: GET /api/notes?page=1&limit=10&sortBy=createdAt&sortOrder=desc 200 - 10ms {"requestId":"c344e131-865f-41ea-8f21-1242349e3958","method":"GET","url":"/api/notes?page=1&limit=10&sortBy=createdAt&sortOrder=desc","statusCode":200,"duration":10,"ip":"::1","userAgent":"PostmanRuntime/7.44.1"}
2025-07-08T13:16:51.642Z [INFO]: GET /api/notes?page=1&limit=10&sortBy=createdAt&sortOrder=desc 200 - 11ms {"requestId":"8c434f09-dde7-4bbf-9cbb-d5076c944750","method":"GET","url":"/api/notes?page=1&limit=10&sortBy=createdAt&sortOrder=desc","statusCode":200,"duration":11,"ip":"::1","userAgent":"PostmanRuntime/7.44.1"}
2025-07-08T13:16:52.718Z [INFO]: GET /api/notes?page=1&limit=10&sortBy=createdAt&sortOrder=desc 200 - 13ms {"requestId":"d938af27-5f3d-4ac9-94e0-4d6638e26147","method":"GET","url":"/api/notes?page=1&limit=10&sortBy=createdAt&sortOrder=desc","statusCode":200,"duration":13,"ip":"::1","userAgent":"PostmanRuntime/7.44.1"}
2025-07-08T13:16:54.268Z [INFO]: GET /api/notes?page=1&limit=10&sortBy=createdAt&sortOrder=desc 200 - 7ms {"requestId":"fa4816c6-c76b-42ca-9b92-fd30eaee4168","method":"GET","url":"/api/notes?page=1&limit=10&sortBy=createdAt&sortOrder=desc","statusCode":200,"duration":7,"ip":"::1","userAgent":"PostmanRuntime/7.44.1"}
2025-07-08T13:16:55.331Z [INFO]: GET /api/notes?page=1&limit=10&sortBy=createdAt&sortOrder=desc 200 - 9ms {"requestId":"aafb0a86-bd8d-4d32-bc65-9be5fffc6085","method":"GET","url":"/api/notes?page=1&limit=10&sortBy=createdAt&sortOrder=desc","statusCode":200,"duration":9,"ip":"::1","userAgent":"PostmanRuntime/7.44.1"}
2025-07-08T13:16:56.263Z [INFO]: GET /api/notes?page=1&limit=10&sortBy=createdAt&sortOrder=desc 200 - 11ms {"requestId":"8010df6a-3e4f-49c0-9770-1abe09dd7bd1","method":"GET","url":"/api/notes?page=1&limit=10&sortBy=createdAt&sortOrder=desc","statusCode":200,"duration":11,"ip":"::1","userAgent":"PostmanRuntime/7.44.1"}
2025-07-08T13:16:57.226Z [INFO]: GET /api/notes?page=1&limit=10&sortBy=createdAt&sortOrder=desc 200 - 8ms {"requestId":"574f2d7f-1ac2-446c-9eba-98512a60afcc","method":"GET","url":"/api/notes?page=1&limit=10&sortBy=createdAt&sortOrder=desc","statusCode":200,"duration":8,"ip":"::1","userAgent":"PostmanRuntime/7.44.1"}
2025-07-08T13:16:57.871Z [INFO]: GET /api/notes?page=1&limit=10&sortBy=createdAt&sortOrder=desc 200 - 8ms {"requestId":"9745e265-d95c-4b88-b0c2-3a7bacd03ae6","method":"GET","url":"/api/notes?page=1&limit=10&sortBy=createdAt&sortOrder=desc","statusCode":200,"duration":8,"ip":"::1","userAgent":"PostmanRuntime/7.44.1"}
2025-07-08T13:17:00.048Z [INFO]: GET /api/notes?page=1&limit=10&sortBy=createdAt&sortOrder=desc 200 - 8ms {"requestId":"639d4edb-2ebb-4081-bf65-f451168fca69","method":"GET","url":"/api/notes?page=1&limit=10&sortBy=createdAt&sortOrder=desc","statusCode":200,"duration":8,"ip":"::1","userAgent":"PostmanRuntime/7.44.1"}
2025-07-08T13:17:01.052Z [INFO]: GET /api/notes?page=1&limit=10&sortBy=createdAt&sortOrder=desc 200 - 9ms {"requestId":"d598bed7-2b94-4fe5-b67e-c085cb4721ff","method":"GET","url":"/api/notes?page=1&limit=10&sortBy=createdAt&sortOrder=desc","statusCode":200,"duration":9,"ip":"::1","userAgent":"PostmanRuntime/7.44.1"}
2025-07-08T13:17:01.690Z [INFO]: GET /api/notes?page=1&limit=10&sortBy=createdAt&sortOrder=desc 200 - 7ms {"requestId":"4ad5c0b3-0312-4c26-97e9-6cfcf3a3e793","method":"GET","url":"/api/notes?page=1&limit=10&sortBy=createdAt&sortOrder=desc","statusCode":200,"duration":7,"ip":"::1","userAgent":"PostmanRuntime/7.44.1"}
2025-07-08T13:17:02.504Z [INFO]: GET /api/notes?page=1&limit=10&sortBy=createdAt&sortOrder=desc 200 - 8ms {"requestId":"40a1cd6b-767a-4d72-8bdf-7a8c2ae5e7c4","method":"GET","url":"/api/notes?page=1&limit=10&sortBy=createdAt&sortOrder=desc","statusCode":200,"duration":8,"ip":"::1","userAgent":"PostmanRuntime/7.44.1"}
2025-07-08T13:17:03.287Z [INFO]: GET /api/notes?page=1&limit=10&sortBy=createdAt&sortOrder=desc 200 - 8ms {"requestId":"ec715d9b-2a35-4c74-8335-a3be835452b7","method":"GET","url":"/api/notes?page=1&limit=10&sortBy=createdAt&sortOrder=desc","statusCode":200,"duration":8,"ip":"::1","userAgent":"PostmanRuntime/7.44.1"}
2025-07-08T13:17:04.028Z [INFO]: GET /api/notes?page=1&limit=10&sortBy=createdAt&sortOrder=desc 200 - 11ms {"requestId":"d2ead41f-6cf6-4505-bb1f-a2add41b0d46","method":"GET","url":"/api/notes?page=1&limit=10&sortBy=createdAt&sortOrder=desc","statusCode":200,"duration":11,"ip":"::1","userAgent":"PostmanRuntime/7.44.1"}
2025-07-08T13:17:04.823Z [INFO]: GET /api/notes?page=1&limit=10&sortBy=createdAt&sortOrder=desc 200 - 7ms {"requestId":"af5b8ecc-5960-49fc-86e9-de769e5a6689","method":"GET","url":"/api/notes?page=1&limit=10&sortBy=createdAt&sortOrder=desc","statusCode":200,"duration":7,"ip":"::1","userAgent":"PostmanRuntime/7.44.1"}
2025-07-08T13:17:05.688Z [INFO]: GET /api/notes?page=1&limit=10&sortBy=createdAt&sortOrder=desc 200 - 10ms {"requestId":"5521935a-0041-473f-ae07-8b6ee5588661","method":"GET","url":"/api/notes?page=1&limit=10&sortBy=createdAt&sortOrder=desc","statusCode":200,"duration":10,"ip":"::1","userAgent":"PostmanRuntime/7.44.1"}
2025-07-08T13:17:06.601Z [INFO]: GET /api/notes?page=1&limit=10&sortBy=createdAt&sortOrder=desc 200 - 10ms {"requestId":"0b53b90d-6f58-4ee4-b8f6-8b45ba692f7a","method":"GET","url":"/api/notes?page=1&limit=10&sortBy=createdAt&sortOrder=desc","statusCode":200,"duration":10,"ip":"::1","userAgent":"PostmanRuntime/7.44.1"}
2025-07-08T13:17:39.751Z [INFO]: GET /api/notes?page=1&limit=10&sortBy=createdAt&sortOrder=desc 200 - 45ms {"requestId":"3316680c-ea58-4d02-a00a-924ef902c483","method":"GET","url":"/api/notes?page=1&limit=10&sortBy=createdAt&sortOrder=desc","statusCode":200,"duration":45,"ip":"::1","userAgent":"PostmanRuntime/7.44.1"}
2025-07-08T13:17:41.026Z [INFO]: GET /api/notes?page=1&limit=10&sortBy=createdAt&sortOrder=desc 200 - 10ms {"requestId":"82e3759f-0c3c-4a22-9805-580ddb1d8e2d","method":"GET","url":"/api/notes?page=1&limit=10&sortBy=createdAt&sortOrder=desc","statusCode":200,"duration":10,"ip":"::1","userAgent":"PostmanRuntime/7.44.1"}
2025-07-08T13:17:42.093Z [INFO]: GET /api/notes?page=1&limit=10&sortBy=createdAt&sortOrder=desc 200 - 10ms {"requestId":"7e796d76-1b48-49bf-bc6e-260cdd737c55","method":"GET","url":"/api/notes?page=1&limit=10&sortBy=createdAt&sortOrder=desc","statusCode":200,"duration":10,"ip":"::1","userAgent":"PostmanRuntime/7.44.1"}
2025-07-08T13:17:42.860Z [INFO]: GET /api/notes?page=1&limit=10&sortBy=createdAt&sortOrder=desc 200 - 5ms {"requestId":"3e9d9680-50cc-4319-bf07-ec97b3f4887c","method":"GET","url":"/api/notes?page=1&limit=10&sortBy=createdAt&sortOrder=desc","statusCode":200,"duration":5,"ip":"::1","userAgent":"PostmanRuntime/7.44.1"}
2025-07-08T13:17:43.871Z [INFO]: GET /api/notes?page=1&limit=10&sortBy=createdAt&sortOrder=desc 200 - 13ms {"requestId":"a39eeaea-1c3e-4c81-8d4b-3344a6e98e68","method":"GET","url":"/api/notes?page=1&limit=10&sortBy=createdAt&sortOrder=desc","statusCode":200,"duration":13,"ip":"::1","userAgent":"PostmanRuntime/7.44.1"}
2025-07-08T13:17:44.589Z [INFO]: GET /api/notes?page=1&limit=10&sortBy=createdAt&sortOrder=desc 429 - 3ms {"requestId":"00beb479-7311-464b-a68b-8430b89927bb","method":"GET","url":"/api/notes?page=1&limit=10&sortBy=createdAt&sortOrder=desc","statusCode":429,"duration":3,"ip":"::1","userAgent":"PostmanRuntime/7.44.1"}
2025-07-08T13:46:32.316Z [INFO]: GET /api/notes?page=1&limit=10&sortBy=createdAt&sortOrder=desc 200 - 60ms {"requestId":"95a09db7-7d32-40af-96c9-f7f24e6d88ef","method":"GET","url":"/api/notes?page=1&limit=10&sortBy=createdAt&sortOrder=desc","statusCode":200,"duration":60,"ip":"::1","userAgent":"PostmanRuntime/7.44.1"}
2025-07-13T19:27:26.668Z [INFO]: Database connected successfully 
2025-07-13T19:27:26.677Z [INFO]: Server running on http://localhost:4000 
2025-07-13T19:27:26.846Z [INFO]: Database connected (development) 
2025-07-13T19:28:27.573Z [INFO]: Database connected successfully 
2025-07-13T19:28:27.583Z [INFO]: Server running on http://localhost:4000 
2025-07-13T19:28:27.704Z [INFO]: Database connected (development) 
2025-07-13T19:30:23.910Z [INFO]: Database connected successfully 
2025-07-13T19:30:23.920Z [INFO]: Server running on http://localhost:4000 
2025-07-13T19:30:24.053Z [INFO]: Database connected (development) 
2025-07-13T19:31:03.795Z [INFO]: Database connected successfully 
2025-07-13T19:31:03.806Z [INFO]: Server running on http://localhost:4000 
2025-07-13T19:31:03.920Z [INFO]: Database connected (development) 
2025-07-13T19:31:51.973Z [INFO]: Database connected successfully 
2025-07-13T19:31:51.980Z [INFO]: Server running on http://localhost:4000 
2025-07-13T19:31:52.084Z [INFO]: Database connected (development) 
2025-07-13T19:32:15.450Z [INFO]: POST /auth/login 500 - 214ms {"requestId":"e4757f5b-bd58-4688-9ed8-8c2ebe417b89","method":"POST","url":"/auth/login","statusCode":500,"duration":214,"ip":"::1","userAgent":"PostmanRuntime/7.44.1"}
2025-07-13T19:33:26.762Z [INFO]: POST /auth/login 200 - 362ms {"requestId":"d027b004-6d1e-4d92-8a3b-a4215647595c","method":"POST","url":"/auth/login","statusCode":200,"duration":362,"ip":"::1","userAgent":"PostmanRuntime/7.44.1"}
2025-07-13T19:33:55.042Z [INFO]: POST /auth/refresh-token 401 - 71ms {"requestId":"9735d579-5b59-4e56-b0b2-9f549f5038ab","method":"POST","url":"/auth/refresh-token","statusCode":401,"duration":71,"ip":"::1","userAgent":"PostmanRuntime/7.44.1"}
2025-07-13T19:33:59.681Z [INFO]: POST /auth/refresh-token 200 - 272ms {"requestId":"17c44d95-de9e-40c3-ba4e-25af1ebea8fb","method":"POST","url":"/auth/refresh-token","statusCode":200,"duration":272,"ip":"::1","userAgent":"PostmanRuntime/7.44.1"}
2025-07-13T19:34:18.220Z [INFO]: GET /api/notes?page=1&limit=10&sortBy=createdAt&sortOrder=desc 401 - 7ms {"requestId":"0d0a9be2-8006-4b80-b96b-e4158984a78c","method":"GET","url":"/api/notes?page=1&limit=10&sortBy=createdAt&sortOrder=desc","statusCode":401,"duration":7,"ip":"::1","userAgent":"PostmanRuntime/7.44.1"}
2025-07-13T19:34:36.371Z [INFO]: GET /api/notes?page=1&limit=10&sortBy=createdAt&sortOrder=desc 200 - 76ms {"requestId":"a6be8c04-77a4-4e11-80ba-bad4175fd6ef","method":"GET","url":"/api/notes?page=1&limit=10&sortBy=createdAt&sortOrder=desc","statusCode":200,"duration":76,"ip":"::1","userAgent":"PostmanRuntime/7.44.1"}
2025-07-13T19:35:10.028Z [ERROR]: Error disconnecting from the database: Error: Dialect needs to be explicitly supplied as of v4.0.0 
